Mon Sep 13 09:49:45 PDT 2021
TRAIN: [   1    3    4    5    6    7    8    9   10   11   12   13   14   15   16   17   18   19   20
   21   22   23   25   27   28   29   31   32   33   35   37   38   39   40   41   42   43   44
   45   46   47   48   49   50   52   54   55   56   57   58   59   61   62   64   65   66   67
   68   69   72   73   74   75   76   77   78   80   81   82   83   84   85   86   88   89   90
   91   92   93   94   96   97   98  100  101  102  103  104  105  106  107  108  109  111  112
  113  114  115  116  117  119  120  122  123  126  127  128  129  130  132  133  134  135  136
  137  138  139  140  141  143  144  145  146  147  148  149  150  152  153  154  155  156  157
  158  159  160  161  162  163  164  165  166  167  168  169  171  173  174  175  176  177  181
  182  183  184  185  187  188  189  192  193  195  196  197  198  199  200  201  202  204  205
  207  208  209  211  212  213  214  215  216  217  218  220  221  222  223  225  227  228  229
  230  231  232  233  234  235  236  237  238  239  240  242  243  244  245  246  247  248  249
  250  251  252  254  255  256  257  258  260  261  262  263  264  265  266  268  269  271  272
  273  274  276  277  279  281  282  283  284  285  286  287  288  289  290  292  293  294  297
  298  299  300  302  303  304  306  307  308  309  310  311  312  313  315  316  317  319  320
  321  322  323  324  326  327  329  330  331  332  333  334  335  336  337  341  342  343  344
  345  346  347  348  349  350  351  352  353  354  355  357  359  360  363  364  366  367  368
  370  371  373  376  378  379  380  381  382  383  384  385  387  388  389  390  391  392  393
  394  395  396  397  398  399  401  402  403  404  405  406  407  408  409  410  411  413  417
  418  421  422  424  425  428  431  432  434  435  436  437  438  439  441  442  443  445  446
  447  448  449  451  452  453  455  457  458  459  460  461  462  463  464  465  466  467  469
  470  471  472  473  475  476  477  478  479  480  481  482  483  484  486  487  489  490  491
  492  493  494  495  496  497  498  499  500  501  503  504  505  506  507  508  509  510  511
  512  515  516  517  518  519  520  521  522  524  525  528  529  530  531  533  534  535  537
  538  540  541  542  543  544  545  546  548  549  550  551  552  553  554  555  556  557  558
  559  560  563  564  565  566  567  569  570  571  572  573  574  575  576  577  578  579  581
  583  585  586  588  589  590  591  593  594  595  597  598  599  600  601  602  604  605  606
  607  608  609  610  611  613  614  615  616  617  618  620  621  622  623  624  625  626  627
  628  629  630  633  634  635  636  638  639  641  642  644  645  646  647  648  649  650  653
  654  655  656  657  659  660  661  662  663  664  665  667  668  671  673  675  677  678  679
  680  681  682  683  685  686  687  688  689  692  693  695  696  697  698  700  702  703  706
  708  709  710  711  712  714  715  718  719  721  722  723  724  725  726  728  730  731  733
  738  741  743  744  745  747  749  753  754  755  756  758  759  761  763  764  765  766  768
  769  770  771  772  774  775  776  777  778  779  781  782  783  784  785  786  787  788  789
  790  791  792  793  794  795  796  797  798  799  800  801  802  804  805  806  807  808  809
  810  811  812  813  814  815  816  817  818  820  821  822  823  825  826  827  828  829  830
  831  834  835  837  839  843  844  845  846  849  850  851  852  853  856  857  859  860  861
  862  863  865  866  867  868  869  870  872  873  874  875  876  877  878  880  881  882  883
  884  885  886  887  888  890  893  894  896  899  900  901  902  903  904  905  906  907  908
  909  910  911  912  913  914  915  916  917  918  919  921  922  923  924  925  926  927  930
  931  932  933  934  936  937  938  939  940  941  942  943  944  946  948  949  950  951  952
  953  954  955  956  957  958  960  963  965  966  967  968  969  970  972  973  974  975  976
  977  978  979  980  982  986  987  988  989  990  991  992  993  994  995  996  998  999 1000
 1001 1003 1004 1006 1007 1008 1009 1011 1012 1013 1014 1015 1017 1018 1019 1020 1021 1022 1023
 1024 1025 1026 1027 1028 1030 1031 1032 1033 1034 1035 1037 1039 1041 1042 1043 1044 1045 1046
 1047 1048 1049 1050 1051 1052 1053 1055 1056 1057 1058 1059 1060 1063 1064 1065 1066 1068 1069
 1070 1071 1072 1073 1074 1076 1077 1078 1079 1080 1081 1082 1085 1086 1087 1088 1089 1091 1092
 1093 1094 1095 1096 1097 1098 1099 1100 1101 1103 1105 1106 1107 1108 1109 1110 1111 1112 1114
 1115 1117 1118 1119 1120 1121 1122 1123 1125 1126 1128 1129 1130 1131 1132 1133 1135 1136 1137
 1138 1139 1140 1141 1142 1143 1145 1146 1147 1148 1149 1150 1151 1152 1153 1154 1155 1156 1157
 1158 1159 1160 1161 1162 1164 1166 1168 1169 1170 1172 1173 1174 1175 1176 1177 1178 1180 1181
 1182 1184 1185 1186 1187 1190 1191 1194 1195 1197 1198 1199 1200 1201 1202 1204 1205 1207 1208
 1210 1211 1212 1213 1214 1215 1216 1217 1218 1219 1220 1221 1223 1224 1225 1226 1227 1228 1230
 1231 1232 1233 1234 1235 1237 1238 1239 1241 1242 1243 1244 1245 1246 1247 1248 1249 1250 1252
 1253 1254 1255 1258 1259 1260 1261 1263 1264 1265 1266 1267 1268 1269 1270 1271 1272 1273 1274
 1277 1278 1280 1281 1282 1283 1284 1285 1286 1287 1288 1289 1290 1293 1294 1295 1296 1298 1299
 1300 1301 1302 1303 1304 1307 1309 1310 1311 1313 1314 1316 1317 1318 1319 1322 1323 1324 1325
 1326 1328 1329 1330 1331 1332 1333 1334 1335 1337 1339 1341 1342 1343 1344 1345 1346 1347 1348
 1349 1350 1352 1354 1355 1356 1357 1358 1359 1360 1361 1362 1363 1364 1366 1367 1368 1369 1370
 1371 1372 1373 1374 1375 1376 1377 1378 1379 1380 1381 1382 1383 1386 1387 1388 1389 1390 1391
 1392 1393 1394 1396 1397 1399 1400 1401 1403 1404 1405 1406 1407 1408 1409 1410 1411 1413 1415
 1416 1418 1419 1421 1422 1423 1424 1426 1427 1428 1431 1432 1433 1434 1436 1437 1438 1439 1440
 1441 1442 1443 1445 1446 1448 1449 1450 1451 1452 1453 1455 1456 1459 1460 1461 1462 1465 1466
 1467 1468 1469 1471 1472 1473 1474 1476 1477 1478 1479 1480 1482 1483 1484 1485 1486 1488 1492
 1493 1494 1495 1497 1498 1499 1500 1501 1503 1504 1505 1506 1507 1508 1509 1510 1511 1513 1515
 1516 1517 1518 1519 1520 1521 1522 1523 1525 1526 1527 1528 1529 1532 1533 1534 1535 1536 1539
 1540 1541 1544 1545 1546 1548 1550 1551 1552 1553 1554 1555 1556 1557 1558 1560 1561 1562 1563
 1564 1565 1566 1567 1569 1570 1571 1572 1574 1575 1577 1579 1580 1581 1582 1583 1585 1586 1587
 1588 1590 1591 1592 1593 1594 1595 1597 1600 1601 1603 1604 1605 1606 1607 1609 1611 1612 1613
 1614 1616 1618 1619 1620 1621 1622 1623 1624 1626 1628 1630 1632 1633 1634 1636 1637 1638 1639
 1640 1641 1642 1644 1645 1646 1647 1648 1649 1651 1652 1654 1655 1656 1657 1658 1659 1660 1661
 1662 1663 1664 1665 1666 1667 1668 1669 1670 1671 1672 1673 1674 1676 1677 1678 1679 1681 1682
 1683 1685 1687 1688 1689 1690 1691 1692 1693 1694 1696 1697 1698 1699 1700 1701 1702 1704 1705
 1706 1707 1708 1709 1710 1711 1712 1713 1715 1716 1717 1719 1720 1721 1722 1723 1725 1727 1728
 1731 1732 1734 1735 1736 1737 1738 1739 1740 1741 1743 1744 1745 1746 1747 1749 1750 1751 1752
 1754 1755 1756 1757 1758 1759 1760 1762 1764 1766 1768 1769 1771 1772 1773 1775 1778 1779 1781
 1782 1783 1784 1785 1786 1787 1789 1790 1791 1792 1793 1794 1797 1798 1800 1801 1804 1806 1808
 1809 1810 1811 1813 1814 1816 1817 1818 1819 1821 1823 1824 1826 1828 1829 1830 1831 1833 1834
 1835 1836 1837 1838 1839 1840 1841 1843 1845 1848 1849 1850 1852 1853 1855 1856 1857 1858 1859
 1860 1861 1862 1863 1864 1865 1866 1867 1869 1871 1873 1874 1875 1876 1877 1878 1879 1880 1883
 1884 1885 1887 1888 1889 1890 1891 1892 1893 1894 1895 1896 1898 1899 1901 1902 1904 1906 1907
 1908 1909 1910 1912 1913 1914 1915 1916 1917 1918 1919 1920 1921 1922 1923 1924 1926 1927 1928
 1929 1930 1931 1932 1934 1935 1937 1938 1940 1941 1942 1943 1944 1945 1947 1948 1950 1951 1952
 1954 1955 1956 1958 1959 1960 1964 1965 1966 1967 1968 1970 1971 1972 1973 1974 1975 1976 1977
 1978 1979 1980 1981 1982 1983 1984 1985 1986 1988 1989 1990 1991 1992 1993 1994 1995 1996 1997
 1998 1999 2000 2001 2002 2004 2005 2007 2008 2009 2010 2011 2012 2013 2014 2016 2018 2019 2020
 2021 2022 2023 2024 2025 2026 2027 2028 2029 2030 2031 2032 2034 2035 2037 2038 2039 2040 2041
 2042 2043 2044 2046 2047 2048 2049 2050 2051 2052 2053 2057 2058 2062 2064 2065 2066 2067 2068
 2069 2070 2071 2075 2078 2079 2080 2083 2084 2085 2086 2087 2088 2089 2090 2091 2092 2093 2094
 2095 2096 2097 2099 2100 2104 2105 2106 2107 2108 2109 2110 2111 2112 2113 2114 2115 2117 2119
 2120 2121 2122 2126 2127 2128 2129 2130 2131 2133 2134 2135 2137 2138 2139 2140 2141 2142 2143
 2145 2146 2147 2148 2149 2150 2151 2153 2154 2155 2156 2157 2158 2162 2163 2164 2165 2167 2168
 2169 2170 2171 2172 2173 2174 2175 2177 2178 2179 2180 2181 2182 2183 2184 2185 2186 2187 2188
 2189 2191 2192 2193 2194 2197 2198 2199 2200 2201 2203 2204 2205 2206 2207 2208 2210 2211 2212
 2213 2214 2215 2216 2218 2219 2220 2221 2222 2226 2227 2228 2229 2230 2231 2232 2233 2234 2236
 2237 2238 2239 2240 2241 2242 2243 2244 2245 2246 2247 2248 2249 2250 2251 2252 2254 2255 2256
 2257 2258 2259 2260 2262 2265 2266 2267 2269 2270 2271 2273 2274 2275 2276 2278 2279 2280 2281
 2282 2283 2285 2287 2288 2289 2290 2291 2294 2295 2297 2298 2299 2300 2302 2303 2304 2305 2306
 2307 2308 2310 2313 2314 2315 2317 2318 2319 2320 2321 2322 2323 2324 2326 2327 2329 2330 2332
 2333 2334 2335 2336 2337 2338 2339 2340 2341 2343 2344 2345 2346 2347 2348 2349 2350 2351 2352
 2353 2355 2358 2359 2361 2362 2363 2365 2366 2368 2369 2370 2371 2372 2375 2376 2377 2378 2379
 2380 2381 2384 2385 2386 2387 2388 2389 2393 2394 2395 2396 2397 2398 2399 2400 2401 2402 2403
 2404 2407 2408 2409 2411 2412 2413 2414 2415 2416 2417 2418 2419 2421 2422 2423 2424 2426 2428
 2429 2430 2431 2432 2435 2439 2440 2441 2442 2444 2446 2447 2448 2449 2450 2451 2452 2453 2454
 2455 2457 2459 2460 2462 2464 2465 2467 2468 2469 2470 2471 2472 2473 2474 2475 2476 2477 2478
 2479 2480 2481 2482 2484 2485 2486 2487 2488 2489 2490 2491 2493 2494 2495 2496 2497 2498 2499
 2500 2501 2502 2503 2504 2505 2508 2509 2510 2512 2513 2515 2516 2517 2518 2520 2521 2522 2523
 2524 2525 2526 2527 2528 2529 2530 2532 2533 2534 2535 2536 2537 2538 2539 2540 2542 2543 2545
 2546 2547 2548 2549 2550 2553 2554 2556 2557 2558 2559 2560 2563 2564 2565 2566 2567 2568 2569
 2570 2571 2572 2573 2574 2575 2576 2577 2578 2579 2580 2583 2585 2586 2587 2588 2590 2591 2592
 2594 2595 2596 2597 2598 2599 2600 2602 2604 2605 2606 2607 2608 2609 2610 2612 2613 2614 2615
 2616 2618 2619 2620 2621 2622 2623 2624 2625 2626 2627 2628 2630 2631 2632 2633 2634 2635 2636
 2637 2640 2641 2642 2643 2644 2645 2646 2647 2648 2649 2650 2652 2654 2655 2656 2657 2659 2660
 2661 2663 2664 2665 2666 2667 2668 2669 2670 2672 2673 2675 2677 2678 2679 2681 2682 2683 2684
 2685 2686 2687 2688 2689 2690 2691 2693 2695 2696 2697 2698 2699 2702 2703 2704 2705 2706 2707
 2708 2709 2710 2711 2712 2713 2714 2715 2717 2718 2720 2721 2722 2723 2724 2726 2727 2730 2731
 2732 2734 2735 2736 2737 2738 2739 2740 2741 2742 2743 2744 2745 2746 2748 2749 2750 2751 2752
 2753 2754 2755 2756 2757 2758 2759 2760 2761 2764 2765 2766 2767 2768 2769 2770 2771 2772 2774
 2775 2777 2778 2779 2780 2781 2782 2783 2784 2785 2786 2789 2790 2791 2792 2793 2794 2797 2798
 2799 2800 2801 2802 2805 2807 2808 2810 2811 2812 2814 2816 2817 2818 2819 2820 2821 2822 2823
 2826 2827 2829 2831 2832 2833 2834 2835 2837 2838 2839 2840 2843 2844 2846 2847 2849 2850 2851
 2852 2853 2854 2855 2856 2857 2858 2859 2860 2861 2864 2865 2866 2867 2868 2869 2870 2871 2872
 2875 2876 2877 2879 2880 2882 2883 2885 2888 2890 2891 2892 2893 2894 2895 2896 2897 2898 2899
 2902 2903 2904 2905 2906 2907 2908 2911 2912 2914 2915 2916 2917 2918 2919 2921 2922 2923 2924
 2925 2926 2927 2928 2930 2931 2933 2934 2936 2937 2938 2939 2940 2942 2944 2945 2946 2947 2948
 2949 2950 2951 2952 2953 2954 2956 2957 2958 2959 2960 2961 2962 2963 2964 2966 2967 2970 2971
 2972 2973 2975 2976 2977 2978 2979 2980 2981 2982 2983 2986 2987 2988 2989 2990 2991 2992 2993
 2994 2995 2996 2997 2998 2999 3000 3001 3002 3003 3004 3005 3006 3007 3009 3010 3011 3013 3014
 3015 3016 3017 3018 3019 3020 3021 3023 3024 3026 3027 3028 3029 3031 3033 3034 3036 3038 3039
 3040 3041 3042 3043 3045 3046 3047 3049 3050 3051 3052 3053 3054 3055 3056 3057 3058 3059 3060
 3061 3062 3064 3065 3066 3068 3070 3071 3072 3073 3074 3075 3076 3077 3078 3080 3081 3082 3083
 3085 3086 3087 3088 3090 3091 3092 3093 3094 3095 3096 3098 3101 3102 3103 3104 3105 3106 3107
 3108 3109 3110 3111 3113 3116 3117 3118 3119 3121 3124] TEST: [   0    2   24   26   30   34   36   51   53   60   63   70   71   79   87   95   99  110  118
  121  124  125  131  142  151  170  172  178  179  180  186  190  191  194  203  206  210  219
  224  226  241  253  259  267  270  275  278  280  291  295  296  301  305  314  318  325  328
  338  339  340  356  358  361  362  365  369  372  374  375  377  386  400  412  414  415  416
  419  420  423  426  427  429  430  433  440  444  450  454  456  468  474  485  488  502  513
  514  523  526  527  532  536  539  547  561  562  568  580  582  584  587  592  596  603  612
  619  631  632  637  640  643  651  652  658  666  669  670  672  674  676  684  690  691  694
  699  701  704  705  707  713  716  717  720  727  729  732  734  735  736  737  739  740  742
  746  748  750  751  752  757  760  762  767  773  780  803  819  824  832  833  836  838  840
  841  842  847  848  854  855  858  864  871  879  889  891  892  895  897  898  920  928  929
  935  945  947  959  961  962  964  971  981  983  984  985  997 1002 1005 1010 1016 1029 1036
 1038 1040 1054 1061 1062 1067 1075 1083 1084 1090 1102 1104 1113 1116 1124 1127 1134 1144 1163
 1165 1167 1171 1179 1183 1188 1189 1192 1193 1196 1203 1206 1209 1222 1229 1236 1240 1251 1256
 1257 1262 1275 1276 1279 1291 1292 1297 1305 1306 1308 1312 1315 1320 1321 1327 1336 1338 1340
 1351 1353 1365 1384 1385 1395 1398 1402 1412 1414 1417 1420 1425 1429 1430 1435 1444 1447 1454
 1457 1458 1463 1464 1470 1475 1481 1487 1489 1490 1491 1496 1502 1512 1514 1524 1530 1531 1537
 1538 1542 1543 1547 1549 1559 1568 1573 1576 1578 1584 1589 1596 1598 1599 1602 1608 1610 1615
 1617 1625 1627 1629 1631 1635 1643 1650 1653 1675 1680 1684 1686 1695 1703 1714 1718 1724 1726
 1729 1730 1733 1742 1748 1753 1761 1763 1765 1767 1770 1774 1776 1777 1780 1788 1795 1796 1799
 1802 1803 1805 1807 1812 1815 1820 1822 1825 1827 1832 1842 1844 1846 1847 1851 1854 1868 1870
 1872 1881 1882 1886 1897 1900 1903 1905 1911 1925 1933 1936 1939 1946 1949 1953 1957 1961 1962
 1963 1969 1987 2003 2006 2015 2017 2033 2036 2045 2054 2055 2056 2059 2060 2061 2063 2072 2073
 2074 2076 2077 2081 2082 2098 2101 2102 2103 2116 2118 2123 2124 2125 2132 2136 2144 2152 2159
 2160 2161 2166 2176 2190 2195 2196 2202 2209 2217 2223 2224 2225 2235 2253 2261 2263 2264 2268
 2272 2277 2284 2286 2292 2293 2296 2301 2309 2311 2312 2316 2325 2328 2331 2342 2354 2356 2357
 2360 2364 2367 2373 2374 2382 2383 2390 2391 2392 2405 2406 2410 2420 2425 2427 2433 2434 2436
 2437 2438 2443 2445 2456 2458 2461 2463 2466 2483 2492 2506 2507 2511 2514 2519 2531 2541 2544
 2551 2552 2555 2561 2562 2581 2582 2584 2589 2593 2601 2603 2611 2617 2629 2638 2639 2651 2653
 2658 2662 2671 2674 2676 2680 2692 2694 2700 2701 2716 2719 2725 2728 2729 2733 2747 2762 2763
 2773 2776 2787 2788 2795 2796 2803 2804 2806 2809 2813 2815 2824 2825 2828 2830 2836 2841 2842
 2845 2848 2862 2863 2873 2874 2878 2881 2884 2886 2887 2889 2900 2901 2909 2910 2913 2920 2929
 2932 2935 2941 2943 2955 2965 2968 2969 2974 2984 2985 3008 3012 3022 3025 3030 3032 3035 3037
 3044 3048 3063 3067 3069 3079 3084 3089 3097 3099 3100 3112 3114 3115 3120 3122 3123]
TRAIN: [   0    1    2    3    5    6    8   10   11   14   15   16   18   19   22   23   24   25   26
   27   29   30   31   33   34   35   36   38   39   40   41   42   44   45   47   49   50   51
   52   53   55   56   59   60   61   62   63   64   66   67   68   69   70   71   73   74   76
   77   78   79   80   81   82   83   84   85   86   87   88   90   91   92   93   95   98   99
  101  102  103  104  105  106  107  109  110  111  112  113  114  116  118  119  120  121  122
  123  124  125  126  127  128  131  132  133  134  135  136  137  138  139  142  143  144  145
  146  148  149  151  152  153  154  155  156  157  159  160  161  162  163  164  165  166  167
  168  169  170  171  172  174  175  176  177  178  179  180  181  182  183  184  185  186  187
  188  189  190  191  193  194  197  198  199  201  202  203  205  206  207  208  209  210  211
  212  215  216  218  219  220  221  222  223  224  225  226  227  228  230  231  233  234  235
  236  238  239  241  242  243  244  245  246  247  248  249  250  252  253  254  255  256  257
  258  259  260  261  265  267  269  270  271  272  273  274  275  276  277  278  280  281  282
  283  284  285  288  289  290  291  292  293  294  295  296  297  301  302  303  304  305  306
  307  308  309  310  311  312  313  314  315  316  318  319  320  321  322  323  324  325  326
  327  328  329  331  332  333  334  335  337  338  339  340  342  343  345  346  347  348  349
  351  352  353  355  356  357  358  359  360  361  362  363  364  365  366  368  369  370  371
  372  373  374  375  377  378  379  380  384  385  386  387  388  389  390  391  392  393  394
  399  400  401  402  403  404  405  406  408  409  410  411  412  413  414  415  416  417  418
  419  420  422  423  424  425  426  427  428  429  430  433  434  435  436  437  438  440  442
  443  444  445  446  449  450  451  454  455  456  457  458  459  460  461  462  466  468  469
  472  473  474  475  476  477  478  480  481  482  483  485  486  488  489  491  493  494  495
  496  497  498  499  500  501  502  504  505  507  508  509  510  513  514  515  518  519  520
  521  523  526  527  528  529  530  531  532  533  534  535  536  537  538  539  540  542  543
  545  547  548  550  551  552  554  555  557  558  559  560  561  562  565  566  567  568  570
  571  572  573  574  575  577  579  580  581  582  583  584  585  586  587  588  589  591  592
  593  596  597  598  599  600  601  603  604  605  606  607  608  610  611  612  613  614  616
  617  618  619  621  622  623  624  625  627  628  629  630  631  632  633  634  636  637  640
  641  642  643  645  646  647  648  650  651  652  653  654  655  656  657  658  659  663  665
  666  668  669  670  671  672  673  674  675  676  677  678  679  680  682  683  684  685  686
  688  689  690  691  692  693  694  695  696  697  698  699  700  701  702  703  704  705  706
  707  708  709  710  711  713  714  716  717  719  720  722  723  724  725  726  727  728  729
  730  731  732  733  734  735  736  737  739  740  741  742  743  746  747  748  750  751  752
  753  754  756  757  758  759  760  761  762  763  764  765  766  767  771  772  773  774  775
  776  777  780  781  782  783  784  787  788  790  791  792  793  794  796  797  799  800  803
  805  808  809  811  812  813  814  815  816  817  818  819  821  822  823  824  825  826  827
  828  829  830  831  832  833  834  836  837  838  839  840  841  842  843  844  847  848  849
  850  851  853  854  855  856  858  860  862  864  865  866  867  869  870  871  872  873  874
  875  876  878  879  880  881  882  885  886  887  888  889  891  892  893  894  895  896  897
  898  900  901  902  904  906  907  908  909  910  911  912  914  915  916  917  918  919  920
  922  923  924  925  926  927  928  929  930  931  932  934  935  937  938  940  941  942  944
  945  946  947  948  949  950  951  952  953  954  956  957  958  959  960  961  962  963  964
  965  966  967  968  969  970  971  972  973  975  976  978  980  981  982  983  984  985  986
  988  989  990  991  994  995  996  997  998  999 1000 1001 1002 1003 1004 1005 1006 1007 1008
 1009 1010 1011 1012 1013 1014 1015 1016 1017 1018 1019 1020 1021 1024 1025 1026 1027 1028 1029
 1030 1031 1034 1035 1036 1037 1038 1040 1041 1043 1045 1046 1047 1049 1050 1052 1053 1054 1055
 1056 1059 1060 1061 1062 1063 1065 1066 1067 1069 1071 1072 1074 1075 1076 1079 1080 1083 1084
 1087 1088 1089 1090 1091 1092 1093 1094 1097 1099 1100 1101 1102 1103 1104 1105 1106 1107 1108
 1110 1112 1113 1114 1115 1116 1117 1118 1119 1120 1121 1124 1125 1126 1127 1128 1129 1130 1131
 1132 1133 1134 1136 1137 1138 1139 1142 1143 1144 1145 1147 1148 1149 1150 1152 1154 1155 1156
 1158 1160 1161 1163 1165 1167 1168 1169 1171 1172 1173 1174 1175 1176 1177 1178 1179 1182 1183
 1184 1185 1186 1187 1188 1189 1190 1191 1192 1193 1194 1195 1196 1197 1198 1199 1200 1201 1203
 1204 1206 1207 1209 1211 1212 1214 1215 1217 1219 1220 1221 1222 1226 1229 1230 1231 1233 1236
 1237 1239 1240 1241 1243 1245 1246 1247 1248 1249 1250 1251 1253 1254 1255 1256 1257 1258 1259
 1260 1262 1264 1265 1266 1268 1269 1270 1272 1273 1274 1275 1276 1277 1278 1279 1280 1281 1282
 1284 1285 1287 1288 1289 1290 1291 1292 1295 1296 1297 1299 1300 1301 1304 1305 1306 1307 1308
 1309 1310 1311 1312 1314 1315 1316 1317 1318 1319 1320 1321 1322 1323 1326 1327 1328 1329 1330
 1331 1333 1334 1335 1336 1337 1338 1339 1340 1341 1342 1343 1344 1345 1346 1348 1349 1350 1351
 1352 1353 1354 1355 1356 1357 1359 1360 1361 1362 1365 1366 1367 1369 1370 1372 1373 1376 1377
 1378 1380 1383 1384 1385 1386 1388 1389 1390 1392 1393 1394 1395 1396 1398 1399 1400 1401 1402
 1403 1404 1405 1407 1408 1410 1411 1412 1413 1414 1415 1417 1419 1420 1421 1424 1425 1426 1427
 1429 1430 1431 1433 1434 1435 1437 1438 1439 1440 1441 1444 1445 1446 1447 1449 1451 1452 1453
 1454 1456 1457 1458 1460 1461 1462 1463 1464 1465 1466 1468 1470 1471 1472 1473 1474 1475 1476
 1479 1480 1481 1482 1483 1484 1486 1487 1488 1489 1490 1491 1492 1494 1496 1497 1498 1499 1500
 1501 1502 1503 1504 1505 1507 1508 1510 1511 1512 1514 1515 1516 1517 1518 1519 1520 1521 1522
 1524 1525 1527 1529 1530 1531 1532 1534 1535 1537 1538 1539 1540 1542 1543 1544 1545 1546 1547
 1548 1549 1551 1553 1554 1555 1556 1557 1558 1559 1560 1562 1563 1564 1565 1566 1567 1568 1569
 1570 1571 1572 1573 1574 1575 1576 1577 1578 1579 1580 1581 1582 1584 1585 1588 1589 1590 1591
 1592 1593 1594 1595 1596 1597 1598 1599 1602 1603 1604 1605 1606 1607 1608 1610 1612 1613 1615
 1616 1617 1618 1619 1620 1621 1623 1624 1625 1626 1627 1628 1629 1630 1631 1632 1633 1634 1635
 1636 1637 1638 1639 1640 1641 1642 1643 1644 1645 1646 1648 1649 1650 1652 1653 1654 1655 1656
 1657 1658 1659 1660 1661 1662 1663 1664 1665 1666 1667 1668 1669 1671 1672 1673 1674 1675 1676
 1677 1678 1679 1680 1683 1684 1685 1686 1687 1688 1689 1690 1692 1694 1695 1700 1701 1702 1703
 1704 1705 1708 1709 1710 1711 1712 1713 1714 1715 1716 1717 1718 1719 1721 1722 1724 1725 1726
 1727 1728 1729 1730 1731 1733 1735 1736 1737 1738 1739 1741 1742 1743 1744 1746 1748 1749 1750
 1751 1752 1753 1754 1755 1756 1757 1760 1761 1762 1763 1764 1765 1767 1768 1770 1771 1772 1773
 1774 1775 1776 1777 1778 1780 1782 1784 1785 1786 1788 1789 1790 1791 1792 1793 1794 1795 1796
 1797 1798 1799 1800 1802 1803 1804 1805 1807 1808 1809 1810 1811 1812 1814 1815 1817 1819 1820
 1822 1823 1824 1825 1826 1827 1828 1829 1831 1832 1833 1834 1835 1836 1837 1838 1839 1840 1841
 1842 1843 1844 1845 1846 1847 1848 1850 1851 1852 1853 1854 1855 1856 1857 1858 1859 1860 1861
 1862 1863 1865 1866 1867 1868 1869 1870 1872 1874 1878 1879 1880 1881 1882 1883 1884 1885 1886
 1887 1889 1891 1893 1894 1895 1896 1897 1899 1900 1901 1902 1903 1904 1905 1907 1908 1909 1910
 1911 1912 1913 1914 1917 1918 1919 1921 1922 1923 1924 1925 1927 1928 1929 1931 1932 1933 1934
 1935 1936 1937 1939 1940 1941 1942 1943 1944 1945 1946 1948 1949 1950 1951 1952 1953 1954 1955
 1956 1957 1958 1959 1960 1961 1962 1963 1964 1965 1967 1968 1969 1970 1972 1973 1975 1976 1978
 1981 1983 1984 1985 1986 1987 1988 1991 1992 1993 1994 1996 1997 1998 1999 2000 2001 2002 2003
 2004 2005 2006 2007 2008 2009 2010 2011 2012 2014 2015 2016 2017 2018 2019 2020 2021 2022 2025
 2026 2028 2029 2030 2031 2032 2033 2034 2035 2036 2038 2039 2040 2042 2043 2044 2045 2046 2048
 2049 2050 2052 2053 2054 2055 2056 2057 2058 2059 2060 2061 2062 2063 2064 2066 2067 2068 2069
 2070 2071 2072 2073 2074 2075 2076 2077 2078 2079 2080 2081 2082 2083 2084 2086 2087 2088 2089
 2090 2092 2093 2096 2097 2098 2099 2101 2102 2103 2104 2105 2107 2108 2109 2110 2111 2112 2113
 2115 2116 2117 2118 2119 2120 2121 2122 2123 2124 2125 2126 2127 2128 2129 2132 2133 2135 2136
 2137 2140 2141 2143 2144 2148 2150 2151 2152 2153 2154 2155 2156 2158 2159 2160 2161 2162 2163
 2164 2165 2166 2167 2168 2169 2170 2171 2172 2174 2175 2176 2177 2178 2179 2181 2182 2183 2184
 2186 2187 2189 2190 2191 2192 2195 2196 2197 2198 2200 2201 2202 2203 2204 2205 2206 2209 2210
 2211 2212 2213 2214 2216 2217 2218 2219 2223 2224 2225 2226 2229 2230 2231 2232 2234 2235 2236
 2238 2239 2240 2242 2243 2247 2248 2249 2250 2251 2252 2253 2254 2255 2256 2257 2260 2261 2262
 2263 2264 2266 2268 2269 2271 2272 2273 2274 2275 2277 2278 2281 2282 2283 2284 2286 2287 2288
 2291 2292 2293 2294 2295 2296 2298 2299 2300 2301 2302 2303 2304 2306 2307 2308 2309 2310 2311
 2312 2313 2314 2315 2316 2317 2318 2321 2322 2324 2325 2327 2328 2330 2331 2333 2334 2335 2336
 2338 2339 2340 2341 2342 2343 2344 2346 2348 2349 2350 2351 2352 2353 2354 2355 2356 2357 2360
 2361 2362 2363 2364 2367 2368 2369 2372 2373 2374 2376 2377 2379 2380 2381 2382 2383 2386 2387
 2389 2390 2391 2392 2393 2394 2395 2397 2398 2399 2400 2401 2402 2404 2405 2406 2407 2408 2410
 2411 2412 2413 2414 2418 2420 2421 2422 2423 2424 2425 2426 2427 2428 2429 2432 2433 2434 2435
 2436 2437 2438 2441 2442 2443 2445 2446 2447 2448 2449 2452 2453 2454 2455 2456 2457 2458 2459
 2460 2461 2462 2463 2465 2466 2467 2468 2469 2470 2471 2472 2473 2474 2475 2476 2477 2478 2479
 2481 2482 2483 2484 2486 2487 2488 2489 2490 2491 2492 2493 2495 2496 2497 2498 2500 2501 2504
 2505 2506 2507 2508 2509 2510 2511 2512 2514 2515 2516 2517 2518 2519 2520 2521 2522 2523 2524
 2525 2527 2529 2531 2532 2533 2534 2538 2539 2541 2542 2543 2544 2545 2547 2548 2549 2550 2551
 2552 2554 2555 2556 2557 2558 2559 2560 2561 2562 2563 2564 2565 2566 2567 2568 2569 2571 2572
 2573 2574 2575 2576 2577 2578 2580 2581 2582 2583 2584 2587 2588 2589 2590 2591 2593 2595 2597
 2598 2599 2600 2601 2602 2603 2604 2605 2606 2607 2608 2610 2611 2612 2613 2614 2615 2617 2620
 2621 2622 2623 2624 2625 2626 2627 2628 2629 2631 2632 2634 2636 2637 2638 2639 2640 2643 2644
 2645 2647 2648 2649 2650 2651 2652 2653 2655 2656 2657 2658 2659 2660 2662 2663 2664 2668 2669
 2671 2673 2674 2675 2676 2677 2678 2679 2680 2681 2682 2683 2685 2687 2690 2692 2693 2694 2696
 2697 2698 2700 2701 2702 2703 2705 2707 2708 2709 2710 2711 2712 2713 2714 2715 2716 2718 2719
 2720 2722 2723 2724 2725 2726 2728 2729 2730 2731 2733 2735 2737 2738 2739 2740 2741 2744 2745
 2747 2748 2749 2750 2751 2752 2753 2754 2755 2758 2759 2762 2763 2764 2768 2769 2770 2771 2773
 2774 2775 2776 2777 2778 2779 2780 2782 2783 2784 2785 2787 2788 2789 2790 2792 2793 2795 2796
 2797 2798 2799 2801 2802 2803 2804 2806 2809 2810 2811 2813 2814 2815 2816 2818 2821 2822 2824
 2825 2826 2827 2828 2829 2830 2831 2833 2834 2836 2839 2840 2841 2842 2843 2844 2845 2846 2847
 2848 2849 2851 2852 2854 2855 2856 2858 2859 2860 2861 2862 2863 2864 2865 2866 2867 2868 2869
 2870 2871 2873 2874 2875 2876 2877 2878 2879 2880 2881 2883 2884 2885 2886 2887 2889 2892 2893
 2894 2895 2897 2898 2900 2901 2902 2903 2904 2905 2906 2907 2908 2909 2910 2911 2912 2913 2914
 2915 2917 2918 2919 2920 2921 2924 2925 2926 2927 2928 2929 2931 2932 2933 2934 2935 2936 2937
 2940 2941 2942 2943 2944 2945 2946 2947 2948 2949 2950 2951 2953 2954 2955 2956 2957 2958 2959
 2961 2963 2964 2965 2966 2968 2969 2970 2971 2973 2974 2975 2976 2977 2979 2981 2983 2984 2985
 2988 2989 2990 2991 2992 2993 2994 2996 2997 3000 3001 3005 3006 3007 3008 3009 3010 3011 3012
 3013 3014 3016 3017 3018 3020 3021 3022 3024 3025 3028 3030 3031 3032 3034 3035 3036 3037 3039
 3040 3041 3042 3043 3044 3045 3047 3048 3052 3053 3054 3057 3058 3060 3062 3063 3065 3066 3067
 3068 3069 3070 3071 3072 3076 3077 3078 3079 3080 3081 3082 3083 3084 3085 3087 3088 3089 3090
 3091 3094 3095 3096 3097 3098 3099 3100 3101 3102 3103 3104 3105 3106 3107 3108 3111 3112 3113
 3114 3115 3116 3117 3118 3119 3120 3121 3122 3123 3124] TEST: [   4    7    9   12   13   17   20   21   28   32   37   43   46   48   54   57   58   65   72
   75   89   94   96   97  100  108  115  117  129  130  140  141  147  150  158  173  192  195
  196  200  204  213  214  217  229  232  237  240  251  262  263  264  266  268  279  286  287
  298  299  300  317  330  336  341  344  350  354  367  376  381  382  383  395  396  397  398
  407  421  431  432  439  441  447  448  452  453  463  464  465  467  470  471  479  484  487
  490  492  503  506  511  512  516  517  522  524  525  541  544  546  549  553  556  563  564
  569  576  578  590  594  595  602  609  615  620  626  635  638  639  644  649  660  661  662
  664  667  681  687  712  715  718  721  738  744  745  749  755  768  769  770  778  779  785
  786  789  795  798  801  802  804  806  807  810  820  835  845  846  852  857  859  861  863
  868  877  883  884  890  899  903  905  913  921  933  936  939  943  955  974  977  979  987
  992  993 1022 1023 1032 1033 1039 1042 1044 1048 1051 1057 1058 1064 1068 1070 1073 1077 1078
 1081 1082 1085 1086 1095 1096 1098 1109 1111 1122 1123 1135 1140 1141 1146 1151 1153 1157 1159
 1162 1164 1166 1170 1180 1181 1202 1205 1208 1210 1213 1216 1218 1223 1224 1225 1227 1228 1232
 1234 1235 1238 1242 1244 1252 1261 1263 1267 1271 1283 1286 1293 1294 1298 1302 1303 1313 1324
 1325 1332 1347 1358 1363 1364 1368 1371 1374 1375 1379 1381 1382 1387 1391 1397 1406 1409 1416
 1418 1422 1423 1428 1432 1436 1442 1443 1448 1450 1455 1459 1467 1469 1477 1478 1485 1493 1495
 1506 1509 1513 1523 1526 1528 1533 1536 1541 1550 1552 1561 1583 1586 1587 1600 1601 1609 1611
 1614 1622 1647 1651 1670 1681 1682 1691 1693 1696 1697 1698 1699 1706 1707 1720 1723 1732 1734
 1740 1745 1747 1758 1759 1766 1769 1779 1781 1783 1787 1801 1806 1813 1816 1818 1821 1830 1849
 1864 1871 1873 1875 1876 1877 1888 1890 1892 1898 1906 1915 1916 1920 1926 1930 1938 1947 1966
 1971 1974 1977 1979 1980 1982 1989 1990 1995 2013 2023 2024 2027 2037 2041 2047 2051 2065 2085
 2091 2094 2095 2100 2106 2114 2130 2131 2134 2138 2139 2142 2145 2146 2147 2149 2157 2173 2180
 2185 2188 2193 2194 2199 2207 2208 2215 2220 2221 2222 2227 2228 2233 2237 2241 2244 2245 2246
 2258 2259 2265 2267 2270 2276 2279 2280 2285 2289 2290 2297 2305 2319 2320 2323 2326 2329 2332
 2337 2345 2347 2358 2359 2365 2366 2370 2371 2375 2378 2384 2385 2388 2396 2403 2409 2415 2416
 2417 2419 2430 2431 2439 2440 2444 2450 2451 2464 2480 2485 2494 2499 2502 2503 2513 2526 2528
 2530 2535 2536 2537 2540 2546 2553 2570 2579 2585 2586 2592 2594 2596 2609 2616 2618 2619 2630
 2633 2635 2641 2642 2646 2654 2661 2665 2666 2667 2670 2672 2684 2686 2688 2689 2691 2695 2699
 2704 2706 2717 2721 2727 2732 2734 2736 2742 2743 2746 2756 2757 2760 2761 2765 2766 2767 2772
 2781 2786 2791 2794 2800 2805 2807 2808 2812 2817 2819 2820 2823 2832 2835 2837 2838 2850 2853
 2857 2872 2882 2888 2890 2891 2896 2899 2916 2922 2923 2930 2938 2939 2952 2960 2962 2967 2972
 2978 2980 2982 2986 2987 2995 2998 2999 3002 3003 3004 3015 3019 3023 3026 3027 3029 3033 3038
 3046 3049 3050 3051 3055 3056 3059 3061 3064 3073 3074 3075 3086 3092 3093 3109 3110]
TRAIN: [   0    2    4    5    6    7    9   10   11   12   13   14   16   17   18   20   21   22   24
   26   28   29   30   31   32   33   34   36   37   38   39   43   44   45   46   47   48   49
   50   51   52   53   54   55   57   58   60   61   63   64   65   66   67   69   70   71   72
   75   76   77   79   80   82   84   85   86   87   88   89   90   91   92   93   94   95   96
   97   99  100  104  106  107  108  110  112  114  115  117  118  119  120  121  122  123  124
  125  126  129  130  131  133  135  137  138  139  140  141  142  144  145  147  148  149  150
  151  152  153  154  155  156  157  158  159  161  163  165  166  168  169  170  171  172  173
  174  175  176  178  179  180  181  182  183  184  186  187  190  191  192  194  195  196  197
  198  199  200  201  203  204  205  206  208  209  210  211  212  213  214  216  217  218  219
  221  223  224  225  226  229  230  232  233  234  235  236  237  238  239  240  241  242  245
  246  247  248  250  251  253  254  256  257  258  259  260  261  262  263  264  265  266  267
  268  269  270  271  272  273  275  276  277  278  279  280  282  283  286  287  288  290  291
  292  293  295  296  297  298  299  300  301  303  304  305  306  309  310  312  314  316  317
  318  319  322  323  325  327  328  329  330  331  332  334  335  336  337  338  339  340  341
  342  343  344  345  349  350  354  356  358  361  362  364  365  366  367  369  371  372  373
  374  375  376  377  379  381  382  383  386  388  390  391  393  395  396  397  398  399  400
  401  402  404  405  406  407  409  412  413  414  415  416  418  419  420  421  422  423  424
  426  427  429  430  431  432  433  434  435  436  437  439  440  441  443  444  447  448  450
  452  453  454  456  457  460  461  463  464  465  466  467  468  469  470  471  472  474  475
  478  479  480  481  482  483  484  485  486  487  488  490  491  492  494  495  496  498  499
  502  503  506  508  509  511  512  513  514  516  517  519  520  522  523  524  525  526  527
  529  531  532  534  535  536  537  539  541  542  543  544  545  546  547  548  549  550  551
  552  553  554  555  556  557  559  560  561  562  563  564  566  567  568  569  570  573  575
  576  578  580  581  582  583  584  587  589  590  591  592  594  595  596  597  598  599  600
  601  602  603  605  607  608  609  612  613  614  615  616  617  618  619  620  622  624  625
  626  627  628  631  632  633  634  635  636  637  638  639  640  641  642  643  644  645  646
  647  649  650  651  652  654  655  656  658  659  660  661  662  663  664  665  666  667  669
  670  671  672  673  674  675  676  677  678  679  680  681  682  684  685  686  687  689  690
  691  692  693  694  695  696  697  699  701  703  704  705  706  707  708  709  712  713  714
  715  716  717  718  719  720  721  723  724  725  726  727  728  729  730  732  733  734  735
  736  737  738  739  740  741  742  743  744  745  746  748  749  750  751  752  753  755  756
  757  759  760  761  762  763  764  766  767  768  769  770  771  772  773  774  775  776  777
  778  779  780  781  784  785  786  787  789  790  791  793  794  795  796  798  799  800  801
  802  803  804  805  806  807  808  809  810  811  812  814  815  817  818  819  820  821  822
  824  825  826  827  828  831  832  833  834  835  836  838  839  840  841  842  843  844  845
  846  847  848  850  851  852  853  854  855  857  858  859  861  863  864  865  866  867  868
  869  870  871  872  873  874  877  878  879  880  883  884  886  887  888  889  890  891  892
  893  894  895  896  897  898  899  900  901  902  903  904  905  906  907  908  909  910  911
  913  914  916  917  918  919  920  921  922  924  925  926  928  929  931  932  933  934  935
  936  937  938  939  940  941  942  943  944  945  947  949  950  952  954  955  956  958  959
  960  961  962  963  964  965  966  967  968  969  971  972  973  974  975  977  979  980  981
  982  983  984  985  987  988  989  990  991  992  993  994  996  997  998  999 1000 1001 1002
 1003 1004 1005 1006 1008 1010 1012 1013 1014 1016 1017 1019 1020 1022 1023 1024 1026 1027 1029
 1030 1031 1032 1033 1035 1036 1038 1039 1040 1042 1043 1044 1045 1046 1048 1049 1051 1052 1053
 1054 1055 1056 1057 1058 1059 1060 1061 1062 1064 1065 1066 1067 1068 1069 1070 1071 1073 1075
 1076 1077 1078 1079 1080 1081 1082 1083 1084 1085 1086 1090 1091 1092 1093 1094 1095 1096 1097
 1098 1099 1100 1101 1102 1103 1104 1105 1107 1109 1110 1111 1112 1113 1116 1117 1118 1121 1122
 1123 1124 1127 1129 1130 1131 1134 1135 1140 1141 1142 1143 1144 1145 1146 1147 1148 1149 1150
 1151 1152 1153 1154 1155 1156 1157 1159 1160 1161 1162 1163 1164 1165 1166 1167 1169 1170 1171
 1172 1174 1175 1176 1179 1180 1181 1182 1183 1184 1185 1186 1188 1189 1190 1192 1193 1194 1195
 1196 1197 1199 1200 1201 1202 1203 1204 1205 1206 1207 1208 1209 1210 1211 1212 1213 1214 1215
 1216 1217 1218 1219 1220 1222 1223 1224 1225 1227 1228 1229 1230 1232 1234 1235 1236 1237 1238
 1239 1240 1241 1242 1243 1244 1245 1247 1248 1249 1251 1252 1253 1254 1255 1256 1257 1258 1259
 1261 1262 1263 1264 1265 1266 1267 1270 1271 1272 1274 1275 1276 1277 1278 1279 1280 1282 1283
 1284 1285 1286 1288 1289 1290 1291 1292 1293 1294 1295 1297 1298 1299 1300 1302 1303 1305 1306
 1307 1308 1310 1311 1312 1313 1314 1315 1316 1319 1320 1321 1323 1324 1325 1326 1327 1328 1329
 1332 1335 1336 1338 1339 1340 1341 1342 1345 1346 1347 1349 1350 1351 1353 1356 1357 1358 1359
 1360 1361 1362 1363 1364 1365 1367 1368 1369 1371 1372 1373 1374 1375 1378 1379 1381 1382 1383
 1384 1385 1386 1387 1391 1392 1395 1397 1398 1399 1400 1402 1403 1404 1406 1407 1409 1410 1411
 1412 1414 1415 1416 1417 1418 1419 1420 1422 1423 1424 1425 1427 1428 1429 1430 1431 1432 1435
 1436 1439 1440 1442 1443 1444 1446 1447 1448 1449 1450 1451 1452 1454 1455 1456 1457 1458 1459
 1460 1461 1462 1463 1464 1465 1466 1467 1468 1469 1470 1472 1473 1474 1475 1477 1478 1479 1480
 1481 1482 1484 1485 1486 1487 1489 1490 1491 1492 1493 1494 1495 1496 1497 1498 1499 1500 1501
 1502 1503 1504 1505 1506 1509 1512 1513 1514 1517 1518 1519 1523 1524 1525 1526 1527 1528 1529
 1530 1531 1532 1533 1534 1536 1537 1538 1540 1541 1542 1543 1546 1547 1548 1549 1550 1551 1552
 1554 1556 1557 1558 1559 1561 1562 1563 1565 1566 1567 1568 1569 1570 1571 1572 1573 1574 1575
 1576 1578 1581 1583 1584 1585 1586 1587 1589 1590 1592 1594 1596 1597 1598 1599 1600 1601 1602
 1603 1604 1605 1606 1607 1608 1609 1610 1611 1612 1613 1614 1615 1616 1617 1618 1620 1621 1622
 1623 1624 1625 1627 1628 1629 1630 1631 1633 1635 1636 1637 1638 1639 1640 1641 1643 1645 1647
 1648 1650 1651 1652 1653 1654 1655 1656 1658 1660 1662 1663 1664 1666 1668 1669 1670 1671 1672
 1675 1676 1677 1679 1680 1681 1682 1684 1685 1686 1687 1688 1689 1691 1692 1693 1694 1695 1696
 1697 1698 1699 1700 1702 1703 1706 1707 1708 1709 1710 1711 1712 1713 1714 1716 1717 1718 1719
 1720 1722 1723 1724 1725 1726 1727 1728 1729 1730 1732 1733 1734 1735 1736 1737 1738 1739 1740
 1741 1742 1743 1745 1746 1747 1748 1749 1750 1752 1753 1757 1758 1759 1760 1761 1762 1763 1765
 1766 1767 1768 1769 1770 1773 1774 1775 1776 1777 1779 1780 1781 1783 1786 1787 1788 1789 1790
 1791 1794 1795 1796 1797 1798 1799 1800 1801 1802 1803 1804 1805 1806 1807 1810 1811 1812 1813
 1814 1815 1816 1817 1818 1819 1820 1821 1822 1823 1824 1825 1826 1827 1828 1829 1830 1832 1833
 1834 1835 1836 1837 1839 1840 1841 1842 1843 1844 1846 1847 1848 1849 1850 1851 1854 1855 1856
 1857 1858 1859 1860 1861 1862 1864 1865 1866 1867 1868 1870 1871 1872 1873 1875 1876 1877 1878
 1879 1880 1881 1882 1883 1885 1886 1887 1888 1889 1890 1891 1892 1894 1895 1896 1897 1898 1899
 1900 1903 1904 1905 1906 1907 1908 1909 1911 1912 1913 1915 1916 1917 1919 1920 1924 1925 1926
 1927 1928 1930 1931 1932 1933 1934 1935 1936 1938 1939 1941 1943 1944 1946 1947 1948 1949 1950
 1951 1952 1953 1954 1956 1957 1960 1961 1962 1963 1964 1966 1967 1969 1970 1971 1973 1974 1976
 1977 1978 1979 1980 1981 1982 1983 1984 1985 1986 1987 1988 1989 1990 1992 1993 1994 1995 1996
 1998 1999 2001 2002 2003 2005 2006 2007 2008 2009 2010 2012 2013 2015 2016 2017 2021 2022 2023
 2024 2025 2026 2027 2029 2032 2033 2034 2036 2037 2038 2041 2042 2044 2045 2046 2047 2048 2049
 2051 2054 2055 2056 2057 2058 2059 2060 2061 2062 2063 2064 2065 2069 2070 2071 2072 2073 2074
 2075 2076 2077 2078 2079 2080 2081 2082 2083 2085 2087 2088 2089 2091 2093 2094 2095 2096 2097
 2098 2099 2100 2101 2102 2103 2104 2105 2106 2107 2110 2111 2112 2113 2114 2115 2116 2117 2118
 2120 2121 2122 2123 2124 2125 2126 2127 2128 2129 2130 2131 2132 2133 2134 2135 2136 2137 2138
 2139 2140 2142 2144 2145 2146 2147 2148 2149 2150 2151 2152 2153 2155 2156 2157 2159 2160 2161
 2162 2166 2167 2168 2169 2170 2171 2172 2173 2174 2176 2177 2179 2180 2181 2183 2184 2185 2186
 2187 2188 2190 2191 2192 2193 2194 2195 2196 2197 2198 2199 2201 2202 2204 2205 2207 2208 2209
 2210 2211 2213 2215 2217 2220 2221 2222 2223 2224 2225 2226 2227 2228 2229 2230 2231 2232 2233
 2234 2235 2237 2238 2239 2240 2241 2242 2243 2244 2245 2246 2249 2250 2251 2253 2256 2257 2258
 2259 2261 2262 2263 2264 2265 2266 2267 2268 2269 2270 2272 2273 2274 2275 2276 2277 2278 2279
 2280 2281 2282 2284 2285 2286 2287 2289 2290 2291 2292 2293 2295 2296 2297 2298 2299 2300 2301
 2303 2305 2306 2308 2309 2311 2312 2313 2315 2316 2319 2320 2322 2323 2324 2325 2326 2327 2328
 2329 2330 2331 2332 2334 2336 2337 2339 2340 2341 2342 2343 2344 2345 2347 2349 2351 2354 2355
 2356 2357 2358 2359 2360 2361 2362 2364 2365 2366 2367 2368 2370 2371 2373 2374 2375 2376 2377
 2378 2379 2380 2381 2382 2383 2384 2385 2388 2389 2390 2391 2392 2394 2396 2397 2399 2400 2401
 2402 2403 2404 2405 2406 2407 2408 2409 2410 2412 2413 2415 2416 2417 2419 2420 2421 2425 2427
 2428 2429 2430 2431 2433 2434 2435 2436 2437 2438 2439 2440 2441 2442 2443 2444 2445 2446 2447
 2448 2449 2450 2451 2453 2454 2455 2456 2457 2458 2459 2461 2463 2464 2465 2466 2469 2470 2472
 2473 2474 2475 2476 2477 2478 2479 2480 2481 2482 2483 2484 2485 2486 2487 2488 2489 2490 2491
 2492 2494 2496 2497 2498 2499 2502 2503 2504 2506 2507 2508 2509 2511 2512 2513 2514 2516 2519
 2520 2522 2523 2524 2525 2526 2528 2529 2530 2531 2533 2534 2535 2536 2537 2538 2540 2541 2542
 2543 2544 2545 2546 2547 2550 2551 2552 2553 2555 2558 2560 2561 2562 2563 2566 2567 2569 2570
 2571 2572 2573 2577 2578 2579 2581 2582 2583 2584 2585 2586 2587 2589 2591 2592 2593 2594 2596
 2597 2598 2599 2600 2601 2602 2603 2604 2606 2608 2609 2610 2611 2614 2616 2617 2618 2619 2620
 2622 2623 2624 2627 2628 2629 2630 2631 2632 2633 2634 2635 2636 2637 2638 2639 2640 2641 2642
 2643 2646 2647 2648 2649 2651 2652 2653 2654 2657 2658 2659 2660 2661 2662 2664 2665 2666 2667
 2668 2670 2671 2672 2673 2674 2676 2677 2678 2680 2681 2682 2683 2684 2685 2686 2687 2688 2689
 2691 2692 2694 2695 2697 2698 2699 2700 2701 2702 2703 2704 2705 2706 2707 2708 2709 2711 2712
 2713 2715 2716 2717 2718 2719 2721 2723 2724 2725 2726 2727 2728 2729 2731 2732 2733 2734 2735
 2736 2737 2738 2739 2742 2743 2744 2746 2747 2748 2751 2753 2754 2755 2756 2757 2758 2759 2760
 2761 2762 2763 2764 2765 2766 2767 2768 2769 2770 2771 2772 2773 2775 2776 2778 2780 2781 2786
 2787 2788 2789 2791 2793 2794 2795 2796 2799 2800 2801 2802 2803 2804 2805 2806 2807 2808 2809
 2810 2811 2812 2813 2814 2815 2817 2818 2819 2820 2821 2822 2823 2824 2825 2826 2827 2828 2829
 2830 2831 2832 2834 2835 2836 2837 2838 2839 2841 2842 2844 2845 2846 2848 2850 2851 2852 2853
 2854 2855 2856 2857 2858 2859 2861 2862 2863 2864 2865 2866 2869 2870 2871 2872 2873 2874 2875
 2876 2877 2878 2879 2880 2881 2882 2883 2884 2886 2887 2888 2889 2890 2891 2893 2894 2895 2896
 2898 2899 2900 2901 2904 2907 2908 2909 2910 2911 2912 2913 2914 2915 2916 2917 2919 2920 2921
 2922 2923 2924 2925 2927 2928 2929 2930 2931 2932 2934 2935 2936 2937 2938 2939 2941 2943 2945
 2946 2948 2951 2952 2953 2954 2955 2957 2958 2959 2960 2961 2962 2963 2965 2967 2968 2969 2970
 2971 2972 2973 2974 2978 2979 2980 2981 2982 2983 2984 2985 2986 2987 2988 2989 2990 2992 2993
 2995 2996 2997 2998 2999 3001 3002 3003 3004 3005 3006 3008 3011 3012 3014 3015 3016 3018 3019
 3020 3021 3022 3023 3024 3025 3026 3027 3029 3030 3032 3033 3034 3035 3036 3037 3038 3039 3040
 3042 3043 3044 3045 3046 3048 3049 3050 3051 3052 3055 3056 3057 3058 3059 3061 3062 3063 3064
 3065 3067 3069 3072 3073 3074 3075 3076 3077 3078 3079 3080 3081 3082 3084 3085 3086 3088 3089
 3091 3092 3093 3094 3095 3097 3098 3099 3100 3101 3104 3105 3106 3107 3108 3109 3110 3111 3112
 3113 3114 3115 3116 3117 3119 3120 3121 3122 3123 3124] TEST: [   1    3    8   15   19   23   25   27   35   40   41   42   56   59   62   68   73   74   78
   81   83   98  101  102  103  105  109  111  113  116  127  128  132  134  136  143  146  160
  162  164  167  177  185  188  189  193  202  207  215  220  222  227  228  231  243  244  249
  252  255  274  281  284  285  289  294  302  307  308  311  313  315  320  321  324  326  333
  346  347  348  351  352  353  355  357  359  360  363  368  370  378  380  384  385  387  389
  392  394  403  408  410  411  417  425  428  438  442  445  446  449  451  455  458  459  462
  473  476  477  489  493  497  500  501  504  505  507  510  515  518  521  528  530  533  538
  540  558  565  571  572  574  577  579  585  586  588  593  604  606  610  611  621  623  629
  630  648  653  657  668  683  688  698  700  702  710  711  722  731  747  754  758  765  782
  783  788  792  797  813  816  823  829  830  837  849  856  860  862  875  876  881  882  885
  912  915  923  927  930  946  948  951  953  957  970  976  978  986  995 1007 1009 1011 1015
 1018 1021 1025 1028 1034 1037 1041 1047 1050 1063 1072 1074 1087 1088 1089 1106 1108 1114 1115
 1119 1120 1125 1126 1128 1132 1133 1136 1137 1138 1139 1158 1168 1173 1177 1178 1187 1191 1198
 1221 1226 1231 1233 1246 1250 1260 1268 1269 1273 1281 1287 1296 1301 1304 1309 1317 1318 1322
 1330 1331 1333 1334 1337 1343 1344 1348 1352 1354 1355 1366 1370 1376 1377 1380 1388 1389 1390
 1393 1394 1396 1401 1405 1408 1413 1421 1426 1433 1434 1437 1438 1441 1445 1453 1471 1476 1483
 1488 1507 1508 1510 1511 1515 1516 1520 1521 1522 1535 1539 1544 1545 1553 1555 1560 1564 1577
 1579 1580 1582 1588 1591 1593 1595 1619 1626 1632 1634 1642 1644 1646 1649 1657 1659 1661 1665
 1667 1673 1674 1678 1683 1690 1701 1704 1705 1715 1721 1731 1744 1751 1754 1755 1756 1764 1771
 1772 1778 1782 1784 1785 1792 1793 1808 1809 1831 1838 1845 1852 1853 1863 1869 1874 1884 1893
 1901 1902 1910 1914 1918 1921 1922 1923 1929 1937 1940 1942 1945 1955 1958 1959 1965 1968 1972
 1975 1991 1997 2000 2004 2011 2014 2018 2019 2020 2028 2030 2031 2035 2039 2040 2043 2050 2052
 2053 2066 2067 2068 2084 2086 2090 2092 2108 2109 2119 2141 2143 2154 2158 2163 2164 2165 2175
 2178 2182 2189 2200 2203 2206 2212 2214 2216 2218 2219 2236 2247 2248 2252 2254 2255 2260 2271
 2283 2288 2294 2302 2304 2307 2310 2314 2317 2318 2321 2333 2335 2338 2346 2348 2350 2352 2353
 2363 2369 2372 2386 2387 2393 2395 2398 2411 2414 2418 2422 2423 2424 2426 2432 2452 2460 2462
 2467 2468 2471 2493 2495 2500 2501 2505 2510 2515 2517 2518 2521 2527 2532 2539 2548 2549 2554
 2556 2557 2559 2564 2565 2568 2574 2575 2576 2580 2588 2590 2595 2605 2607 2612 2613 2615 2621
 2625 2626 2644 2645 2650 2655 2656 2663 2669 2675 2679 2690 2693 2696 2710 2714 2720 2722 2730
 2740 2741 2745 2749 2750 2752 2774 2777 2779 2782 2783 2784 2785 2790 2792 2797 2798 2816 2833
 2840 2843 2847 2849 2860 2867 2868 2885 2892 2897 2902 2903 2905 2906 2918 2926 2933 2940 2942
 2944 2947 2949 2950 2956 2964 2966 2975 2976 2977 2991 2994 3000 3007 3009 3010 3013 3017 3028
 3031 3041 3047 3053 3054 3060 3066 3068 3070 3071 3083 3087 3090 3096 3102 3103 3118]
TRAIN: [   0    1    2    3    4    5    7    8    9   11   12   13   14   15   17   18   19   20   21
   23   24   25   26   27   28   29   30   32   33   34   35   36   37   39   40   41   42   43
   44   45   46   47   48   49   51   52   53   54   56   57   58   59   60   62   63   65   68
   69   70   71   72   73   74   75   76   78   79   81   82   83   84   85   87   89   90   91
   92   93   94   95   96   97   98   99  100  101  102  103  104  105  106  108  109  110  111
  113  114  115  116  117  118  119  120  121  124  125  127  128  129  130  131  132  134  136
  140  141  142  143  144  145  146  147  149  150  151  154  155  156  158  160  161  162  164
  165  167  169  170  172  173  174  175  176  177  178  179  180  182  183  184  185  186  188
  189  190  191  192  193  194  195  196  197  200  202  203  204  206  207  210  211  212  213
  214  215  217  218  219  220  222  223  224  226  227  228  229  230  231  232  233  234  235
  236  237  238  239  240  241  243  244  245  247  248  249  251  252  253  254  255  257  259
  260  262  263  264  265  266  267  268  269  270  274  275  276  278  279  280  281  284  285
  286  287  288  289  290  291  292  294  295  296  298  299  300  301  302  305  307  308  309
  310  311  312  313  314  315  317  318  320  321  322  323  324  325  326  328  330  331  333
  336  337  338  339  340  341  342  343  344  345  346  347  348  349  350  351  352  353  354
  355  356  357  358  359  360  361  362  363  365  366  367  368  369  370  371  372  373  374
  375  376  377  378  380  381  382  383  384  385  386  387  389  390  391  392  393  394  395
  396  397  398  400  401  402  403  405  406  407  408  410  411  412  413  414  415  416  417
  419  420  421  423  424  425  426  427  428  429  430  431  432  433  434  437  438  439  440
  441  442  443  444  445  446  447  448  449  450  451  452  453  454  455  456  458  459  460
  461  462  463  464  465  467  468  469  470  471  473  474  475  476  477  479  480  481  484
  485  486  487  488  489  490  492  493  494  495  496  497  499  500  501  502  503  504  505
  506  507  510  511  512  513  514  515  516  517  518  520  521  522  523  524  525  526  527
  528  529  530  532  533  535  536  537  538  539  540  541  542  544  545  546  547  549  552
  553  554  555  556  558  559  560  561  562  563  564  565  566  567  568  569  571  572  574
  575  576  577  578  579  580  582  584  585  586  587  588  590  592  593  594  595  596  602
  603  604  605  606  607  608  609  610  611  612  613  614  615  619  620  621  622  623  624
  625  626  627  628  629  630  631  632  634  635  636  637  638  639  640  643  644  645  646
  647  648  649  651  652  653  654  657  658  660  661  662  664  666  667  668  669  670  672
  674  676  678  681  682  683  684  687  688  689  690  691  694  695  698  699  700  701  702
  704  705  707  709  710  711  712  713  715  716  717  718  719  720  721  722  723  726  727
  729  730  731  732  734  735  736  737  738  739  740  742  743  744  745  746  747  748  749
  750  751  752  754  755  757  758  759  760  761  762  763  764  765  766  767  768  769  770
  772  773  775  778  779  780  782  783  784  785  786  787  788  789  792  793  794  795  796
  797  798  801  802  803  804  805  806  807  808  810  811  813  814  816  818  819  820  821
  822  823  824  826  827  829  830  831  832  833  834  835  836  837  838  839  840  841  842
  844  845  846  847  848  849  850  852  853  854  855  856  857  858  859  860  861  862  863
  864  868  871  873  875  876  877  879  881  882  883  884  885  889  890  891  892  895  896
  897  898  899  900  903  904  905  908  909  910  911  912  913  914  915  916  917  919  920
  921  923  924  926  927  928  929  930  931  932  933  935  936  937  938  939  941  942  943
  944  945  946  947  948  950  951  952  953  955  957  958  959  961  962  964  966  968  969
  970  971  973  974  976  977  978  979  981  983  984  985  986  987  988  989  990  992  993
  994  995  996  997  998 1000 1001 1002 1005 1006 1007 1009 1010 1011 1012 1014 1015 1016 1018
 1019 1021 1022 1023 1025 1026 1028 1029 1032 1033 1034 1035 1036 1037 1038 1039 1040 1041 1042
 1043 1044 1047 1048 1050 1051 1053 1054 1055 1057 1058 1061 1062 1063 1064 1065 1067 1068 1070
 1071 1072 1073 1074 1075 1076 1077 1078 1080 1081 1082 1083 1084 1085 1086 1087 1088 1089 1090
 1091 1092 1095 1096 1098 1099 1100 1101 1102 1103 1104 1106 1107 1108 1109 1110 1111 1112 1113
 1114 1115 1116 1119 1120 1122 1123 1124 1125 1126 1127 1128 1129 1130 1131 1132 1133 1134 1135
 1136 1137 1138 1139 1140 1141 1142 1143 1144 1146 1148 1151 1153 1154 1155 1157 1158 1159 1160
 1161 1162 1163 1164 1165 1166 1167 1168 1170 1171 1173 1174 1175 1176 1177 1178 1179 1180 1181
 1183 1185 1187 1188 1189 1191 1192 1193 1196 1198 1202 1203 1204 1205 1206 1207 1208 1209 1210
 1211 1213 1214 1216 1217 1218 1219 1220 1221 1222 1223 1224 1225 1226 1227 1228 1229 1230 1231
 1232 1233 1234 1235 1236 1237 1238 1240 1242 1243 1244 1245 1246 1248 1250 1251 1252 1253 1254
 1255 1256 1257 1258 1260 1261 1262 1263 1265 1267 1268 1269 1270 1271 1272 1273 1275 1276 1279
 1281 1283 1286 1287 1289 1291 1292 1293 1294 1296 1297 1298 1299 1300 1301 1302 1303 1304 1305
 1306 1308 1309 1310 1311 1312 1313 1314 1315 1317 1318 1320 1321 1322 1324 1325 1327 1330 1331
 1332 1333 1334 1335 1336 1337 1338 1340 1341 1343 1344 1347 1348 1349 1351 1352 1353 1354 1355
 1356 1357 1358 1359 1363 1364 1365 1366 1367 1368 1370 1371 1372 1373 1374 1375 1376 1377 1378
 1379 1380 1381 1382 1383 1384 1385 1387 1388 1389 1390 1391 1393 1394 1395 1396 1397 1398 1400
 1401 1402 1404 1405 1406 1407 1408 1409 1410 1412 1413 1414 1415 1416 1417 1418 1420 1421 1422
 1423 1424 1425 1426 1428 1429 1430 1432 1433 1434 1435 1436 1437 1438 1439 1440 1441 1442 1443
 1444 1445 1447 1448 1450 1451 1452 1453 1454 1455 1456 1457 1458 1459 1460 1462 1463 1464 1467
 1468 1469 1470 1471 1472 1474 1475 1476 1477 1478 1481 1482 1483 1485 1486 1487 1488 1489 1490
 1491 1493 1494 1495 1496 1498 1500 1501 1502 1506 1507 1508 1509 1510 1511 1512 1513 1514 1515
 1516 1519 1520 1521 1522 1523 1524 1525 1526 1528 1530 1531 1533 1535 1536 1537 1538 1539 1540
 1541 1542 1543 1544 1545 1547 1549 1550 1552 1553 1555 1556 1557 1559 1560 1561 1562 1564 1567
 1568 1569 1570 1572 1573 1574 1576 1577 1578 1579 1580 1582 1583 1584 1585 1586 1587 1588 1589
 1591 1593 1594 1595 1596 1598 1599 1600 1601 1602 1603 1605 1607 1608 1609 1610 1611 1612 1613
 1614 1615 1617 1619 1620 1622 1625 1626 1627 1629 1630 1631 1632 1634 1635 1638 1639 1641 1642
 1643 1644 1646 1647 1649 1650 1651 1652 1653 1654 1655 1657 1658 1659 1660 1661 1662 1664 1665
 1667 1668 1669 1670 1673 1674 1675 1677 1678 1680 1681 1682 1683 1684 1685 1686 1690 1691 1693
 1694 1695 1696 1697 1698 1699 1701 1703 1704 1705 1706 1707 1708 1710 1711 1713 1714 1715 1716
 1717 1718 1720 1721 1722 1723 1724 1725 1726 1728 1729 1730 1731 1732 1733 1734 1735 1738 1739
 1740 1741 1742 1743 1744 1745 1746 1747 1748 1751 1752 1753 1754 1755 1756 1757 1758 1759 1761
 1762 1763 1764 1765 1766 1767 1769 1770 1771 1772 1774 1776 1777 1778 1779 1780 1781 1782 1783
 1784 1785 1786 1787 1788 1789 1790 1792 1793 1795 1796 1798 1799 1801 1802 1803 1804 1805 1806
 1807 1808 1809 1810 1812 1813 1814 1815 1816 1817 1818 1820 1821 1822 1825 1826 1827 1828 1829
 1830 1831 1832 1833 1835 1837 1838 1839 1840 1842 1843 1844 1845 1846 1847 1848 1849 1850 1851
 1852 1853 1854 1856 1858 1859 1862 1863 1864 1865 1866 1867 1868 1869 1870 1871 1872 1873 1874
 1875 1876 1877 1878 1881 1882 1884 1885 1886 1888 1890 1891 1892 1893 1894 1897 1898 1899 1900
 1901 1902 1903 1905 1906 1908 1909 1910 1911 1914 1915 1916 1918 1919 1920 1921 1922 1923 1925
 1926 1927 1929 1930 1932 1933 1935 1936 1937 1938 1939 1940 1941 1942 1943 1945 1946 1947 1948
 1949 1951 1953 1954 1955 1956 1957 1958 1959 1960 1961 1962 1963 1965 1966 1968 1969 1970 1971
 1972 1974 1975 1977 1978 1979 1980 1982 1983 1984 1986 1987 1988 1989 1990 1991 1993 1994 1995
 1997 2000 2001 2003 2004 2005 2006 2007 2010 2011 2013 2014 2015 2016 2017 2018 2019 2020 2022
 2023 2024 2025 2026 2027 2028 2029 2030 2031 2032 2033 2034 2035 2036 2037 2039 2040 2041 2042
 2043 2044 2045 2046 2047 2048 2049 2050 2051 2052 2053 2054 2055 2056 2058 2059 2060 2061 2062
 2063 2065 2066 2067 2068 2069 2072 2073 2074 2076 2077 2080 2081 2082 2083 2084 2085 2086 2090
 2091 2092 2093 2094 2095 2097 2098 2100 2101 2102 2103 2106 2107 2108 2109 2114 2116 2117 2118
 2119 2121 2123 2124 2125 2126 2127 2130 2131 2132 2133 2134 2136 2137 2138 2139 2140 2141 2142
 2143 2144 2145 2146 2147 2148 2149 2150 2151 2152 2154 2155 2157 2158 2159 2160 2161 2163 2164
 2165 2166 2169 2173 2174 2175 2176 2177 2178 2180 2181 2182 2183 2184 2185 2188 2189 2190 2191
 2192 2193 2194 2195 2196 2198 2199 2200 2202 2203 2204 2206 2207 2208 2209 2210 2212 2213 2214
 2215 2216 2217 2218 2219 2220 2221 2222 2223 2224 2225 2226 2227 2228 2229 2231 2232 2233 2235
 2236 2237 2238 2239 2241 2243 2244 2245 2246 2247 2248 2249 2251 2252 2253 2254 2255 2256 2258
 2259 2260 2261 2262 2263 2264 2265 2267 2268 2270 2271 2272 2273 2274 2275 2276 2277 2278 2279
 2280 2283 2284 2285 2286 2288 2289 2290 2291 2292 2293 2294 2295 2296 2297 2298 2301 2302 2303
 2304 2305 2306 2307 2308 2309 2310 2311 2312 2314 2315 2316 2317 2318 2319 2320 2321 2322 2323
 2325 2326 2327 2328 2329 2330 2331 2332 2333 2335 2337 2338 2339 2340 2341 2342 2343 2345 2346
 2347 2348 2349 2350 2351 2352 2353 2354 2356 2357 2358 2359 2360 2363 2364 2365 2366 2367 2368
 2369 2370 2371 2372 2373 2374 2375 2377 2378 2379 2381 2382 2383 2384 2385 2386 2387 2388 2390
 2391 2392 2393 2395 2396 2398 2400 2403 2404 2405 2406 2409 2410 2411 2412 2414 2415 2416 2417
 2418 2419 2420 2422 2423 2424 2425 2426 2427 2428 2429 2430 2431 2432 2433 2434 2435 2436 2437
 2438 2439 2440 2443 2444 2445 2446 2448 2450 2451 2452 2454 2456 2458 2460 2461 2462 2463 2464
 2466 2467 2468 2469 2471 2473 2475 2476 2477 2480 2481 2482 2483 2484 2485 2487 2488 2491 2492
 2493 2494 2495 2499 2500 2501 2502 2503 2504 2505 2506 2507 2509 2510 2511 2513 2514 2515 2517
 2518 2519 2521 2523 2524 2526 2527 2528 2529 2530 2531 2532 2533 2535 2536 2537 2538 2539 2540
 2541 2542 2544 2545 2546 2548 2549 2550 2551 2552 2553 2554 2555 2556 2557 2558 2559 2560 2561
 2562 2563 2564 2565 2567 2568 2569 2570 2572 2574 2575 2576 2577 2579 2580 2581 2582 2583 2584
 2585 2586 2587 2588 2589 2590 2592 2593 2594 2595 2596 2597 2598 2600 2601 2602 2603 2605 2607
 2609 2611 2612 2613 2615 2616 2617 2618 2619 2621 2624 2625 2626 2627 2628 2629 2630 2631 2632
 2633 2635 2636 2637 2638 2639 2640 2641 2642 2643 2644 2645 2646 2647 2649 2650 2651 2652 2653
 2654 2655 2656 2658 2660 2661 2662 2663 2664 2665 2666 2667 2669 2670 2671 2672 2674 2675 2676
 2677 2679 2680 2681 2683 2684 2685 2686 2687 2688 2689 2690 2691 2692 2693 2694 2695 2696 2699
 2700 2701 2704 2706 2707 2709 2710 2712 2713 2714 2716 2717 2719 2720 2721 2722 2723 2724 2725
 2726 2727 2728 2729 2730 2732 2733 2734 2736 2738 2740 2741 2742 2743 2744 2745 2746 2747 2748
 2749 2750 2751 2752 2753 2756 2757 2758 2759 2760 2761 2762 2763 2765 2766 2767 2772 2773 2774
 2775 2776 2777 2778 2779 2781 2782 2783 2784 2785 2786 2787 2788 2789 2790 2791 2792 2793 2794
 2795 2796 2797 2798 2799 2800 2801 2803 2804 2805 2806 2807 2808 2809 2810 2811 2812 2813 2815
 2816 2817 2819 2820 2822 2823 2824 2825 2828 2830 2832 2833 2835 2836 2837 2838 2840 2841 2842
 2843 2845 2846 2847 2848 2849 2850 2851 2852 2853 2855 2857 2860 2862 2863 2866 2867 2868 2869
 2870 2871 2872 2873 2874 2876 2878 2881 2882 2883 2884 2885 2886 2887 2888 2889 2890 2891 2892
 2893 2894 2895 2896 2897 2899 2900 2901 2902 2903 2905 2906 2909 2910 2912 2913 2914 2916 2917
 2918 2920 2922 2923 2924 2926 2927 2929 2930 2932 2933 2935 2938 2939 2940 2941 2942 2943 2944
 2946 2947 2949 2950 2951 2952 2955 2956 2959 2960 2962 2964 2965 2966 2967 2968 2969 2971 2972
 2974 2975 2976 2977 2978 2980 2982 2984 2985 2986 2987 2988 2990 2991 2993 2994 2995 2996 2997
 2998 2999 3000 3001 3002 3003 3004 3005 3006 3007 3008 3009 3010 3011 3012 3013 3015 3017 3018
 3019 3020 3022 3023 3025 3026 3027 3028 3029 3030 3031 3032 3033 3035 3036 3037 3038 3041 3043
 3044 3045 3046 3047 3048 3049 3050 3051 3053 3054 3055 3056 3057 3059 3060 3061 3063 3064 3065
 3066 3067 3068 3069 3070 3071 3073 3074 3075 3076 3077 3078 3079 3080 3082 3083 3084 3085 3086
 3087 3088 3089 3090 3092 3093 3094 3095 3096 3097 3098 3099 3100 3102 3103 3104 3106 3109 3110
 3111 3112 3113 3114 3115 3116 3117 3118 3120 3122 3123] TEST: [   6   10   16   22   31   38   50   55   61   64   66   67   77   80   86   88  107  112  122
  123  126  133  135  137  138  139  148  152  153  157  159  163  166  168  171  181  187  198
  199  201  205  208  209  216  221  225  242  246  250  256  258  261  271  272  273  277  282
  283  293  297  303  304  306  316  319  327  329  332  334  335  364  379  388  399  404  409
  418  422  435  436  457  466  472  478  482  483  491  498  508  509  519  531  534  543  548
  550  551  557  570  573  581  583  589  591  597  598  599  600  601  616  617  618  633  641
  642  650  655  656  659  663  665  671  673  675  677  679  680  685  686  692  693  696  697
  703  706  708  714  724  725  728  733  741  753  756  771  774  776  777  781  790  791  799
  800  809  812  815  817  825  828  843  851  865  866  867  869  870  872  874  878  880  886
  887  888  893  894  901  902  906  907  918  922  925  934  940  949  954  956  960  963  965
  967  972  975  980  982  991  999 1003 1004 1008 1013 1017 1020 1024 1027 1030 1031 1045 1046
 1049 1052 1056 1059 1060 1066 1069 1079 1093 1094 1097 1105 1117 1118 1121 1145 1147 1149 1150
 1152 1156 1169 1172 1182 1184 1186 1190 1194 1195 1197 1199 1200 1201 1212 1215 1239 1241 1247
 1249 1259 1264 1266 1274 1277 1278 1280 1282 1284 1285 1288 1290 1295 1307 1316 1319 1323 1326
 1328 1329 1339 1342 1345 1346 1350 1360 1361 1362 1369 1386 1392 1399 1403 1411 1419 1427 1431
 1446 1449 1461 1465 1466 1473 1479 1480 1484 1492 1497 1499 1503 1504 1505 1517 1518 1527 1529
 1532 1534 1546 1548 1551 1554 1558 1563 1565 1566 1571 1575 1581 1590 1592 1597 1604 1606 1616
 1618 1621 1623 1624 1628 1633 1636 1637 1640 1645 1648 1656 1663 1666 1671 1672 1676 1679 1687
 1688 1689 1692 1700 1702 1709 1712 1719 1727 1736 1737 1749 1750 1760 1768 1773 1775 1791 1794
 1797 1800 1811 1819 1823 1824 1834 1836 1841 1855 1857 1860 1861 1879 1880 1883 1887 1889 1895
 1896 1904 1907 1912 1913 1917 1924 1928 1931 1934 1944 1950 1952 1964 1967 1973 1976 1981 1985
 1992 1996 1998 1999 2002 2008 2009 2012 2021 2038 2057 2064 2070 2071 2075 2078 2079 2087 2088
 2089 2096 2099 2104 2105 2110 2111 2112 2113 2115 2120 2122 2128 2129 2135 2153 2156 2162 2167
 2168 2170 2171 2172 2179 2186 2187 2197 2201 2205 2211 2230 2234 2240 2242 2250 2257 2266 2269
 2281 2282 2287 2299 2300 2313 2324 2334 2336 2344 2355 2361 2362 2376 2380 2389 2394 2397 2399
 2401 2402 2407 2408 2413 2421 2441 2442 2447 2449 2453 2455 2457 2459 2465 2470 2472 2474 2478
 2479 2486 2489 2490 2496 2497 2498 2508 2512 2516 2520 2522 2525 2534 2543 2547 2566 2571 2573
 2578 2591 2599 2604 2606 2608 2610 2614 2620 2622 2623 2634 2648 2657 2659 2668 2673 2678 2682
 2697 2698 2702 2703 2705 2708 2711 2715 2718 2731 2735 2737 2739 2754 2755 2764 2768 2769 2770
 2771 2780 2802 2814 2818 2821 2826 2827 2829 2831 2834 2839 2844 2854 2856 2858 2859 2861 2864
 2865 2875 2877 2879 2880 2898 2904 2907 2908 2911 2915 2919 2921 2925 2928 2931 2934 2936 2937
 2945 2948 2953 2954 2957 2958 2961 2963 2970 2973 2979 2981 2983 2989 2992 3014 3016 3021 3024
 3034 3039 3040 3042 3052 3058 3062 3072 3081 3091 3101 3105 3107 3108 3119 3121 3124]
TRAIN: [   0    1    2    3    4    6    7    8    9   10   12   13   15   16   17   19   20   21   22
   23   24   25   26   27   28   30   31   32   34   35   36   37   38   40   41   42   43   46
   48   50   51   53   54   55   56   57   58   59   60   61   62   63   64   65   66   67   68
   70   71   72   73   74   75   77   78   79   80   81   83   86   87   88   89   94   95   96
   97   98   99  100  101  102  103  105  107  108  109  110  111  112  113  115  116  117  118
  121  122  123  124  125  126  127  128  129  130  131  132  133  134  135  136  137  138  139
  140  141  142  143  146  147  148  150  151  152  153  157  158  159  160  162  163  164  166
  167  168  170  171  172  173  177  178  179  180  181  185  186  187  188  189  190  191  192
  193  194  195  196  198  199  200  201  202  203  204  205  206  207  208  209  210  213  214
  215  216  217  219  220  221  222  224  225  226  227  228  229  231  232  237  240  241  242
  243  244  246  249  250  251  252  253  255  256  258  259  261  262  263  264  266  267  268
  270  271  272  273  274  275  277  278  279  280  281  282  283  284  285  286  287  289  291
  293  294  295  296  297  298  299  300  301  302  303  304  305  306  307  308  311  313  314
  315  316  317  318  319  320  321  324  325  326  327  328  329  330  332  333  334  335  336
  338  339  340  341  344  346  347  348  350  351  352  353  354  355  356  357  358  359  360
  361  362  363  364  365  367  368  369  370  372  374  375  376  377  378  379  380  381  382
  383  384  385  386  387  388  389  392  394  395  396  397  398  399  400  403  404  407  408
  409  410  411  412  414  415  416  417  418  419  420  421  422  423  425  426  427  428  429
  430  431  432  433  435  436  438  439  440  441  442  444  445  446  447  448  449  450  451
  452  453  454  455  456  457  458  459  462  463  464  465  466  467  468  470  471  472  473
  474  476  477  478  479  482  483  484  485  487  488  489  490  491  492  493  497  498  500
  501  502  503  504  505  506  507  508  509  510  511  512  513  514  515  516  517  518  519
  521  522  523  524  525  526  527  528  530  531  532  533  534  536  538  539  540  541  543
  544  546  547  548  549  550  551  553  556  557  558  561  562  563  564  565  568  569  570
  571  572  573  574  576  577  578  579  580  581  582  583  584  585  586  587  588  589  590
  591  592  593  594  595  596  597  598  599  600  601  602  603  604  606  609  610  611  612
  615  616  617  618  619  620  621  623  626  629  630  631  632  633  635  637  638  639  640
  641  642  643  644  648  649  650  651  652  653  655  656  657  658  659  660  661  662  663
  664  665  666  667  668  669  670  671  672  673  674  675  676  677  679  680  681  683  684
  685  686  687  688  690  691  692  693  694  696  697  698  699  700  701  702  703  704  705
  706  707  708  710  711  712  713  714  715  716  717  718  720  721  722  724  725  727  728
  729  731  732  733  734  735  736  737  738  739  740  741  742  744  745  746  747  748  749
  750  751  752  753  754  755  756  757  758  760  762  765  767  768  769  770  771  773  774
  776  777  778  779  780  781  782  783  785  786  788  789  790  791  792  795  797  798  799
  800  801  802  803  804  806  807  809  810  812  813  815  816  817  819  820  823  824  825
  828  829  830  832  833  835  836  837  838  840  841  842  843  845  846  847  848  849  851
  852  854  855  856  857  858  859  860  861  862  863  864  865  866  867  868  869  870  871
  872  874  875  876  877  878  879  880  881  882  883  884  885  886  887  888  889  890  891
  892  893  894  895  897  898  899  901  902  903  905  906  907  912  913  915  918  920  921
  922  923  925  927  928  929  930  933  934  935  936  939  940  943  945  946  947  948  949
  951  953  954  955  956  957  959  960  961  962  963  964  965  967  970  971  972  974  975
  976  977  978  979  980  981  982  983  984  985  986  987  991  992  993  995  997  999 1002
 1003 1004 1005 1007 1008 1009 1010 1011 1013 1015 1016 1017 1018 1020 1021 1022 1023 1024 1025
 1027 1028 1029 1030 1031 1032 1033 1034 1036 1037 1038 1039 1040 1041 1042 1044 1045 1046 1047
 1048 1049 1050 1051 1052 1054 1056 1057 1058 1059 1060 1061 1062 1063 1064 1066 1067 1068 1069
 1070 1072 1073 1074 1075 1077 1078 1079 1081 1082 1083 1084 1085 1086 1087 1088 1089 1090 1093
 1094 1095 1096 1097 1098 1102 1104 1105 1106 1108 1109 1111 1113 1114 1115 1116 1117 1118 1119
 1120 1121 1122 1123 1124 1125 1126 1127 1128 1132 1133 1134 1135 1136 1137 1138 1139 1140 1141
 1144 1145 1146 1147 1149 1150 1151 1152 1153 1156 1157 1158 1159 1162 1163 1164 1165 1166 1167
 1168 1169 1170 1171 1172 1173 1177 1178 1179 1180 1181 1182 1183 1184 1186 1187 1188 1189 1190
 1191 1192 1193 1194 1195 1196 1197 1198 1199 1200 1201 1202 1203 1205 1206 1208 1209 1210 1212
 1213 1215 1216 1218 1221 1222 1223 1224 1225 1226 1227 1228 1229 1231 1232 1233 1234 1235 1236
 1238 1239 1240 1241 1242 1244 1246 1247 1249 1250 1251 1252 1256 1257 1259 1260 1261 1262 1263
 1264 1266 1267 1268 1269 1271 1273 1274 1275 1276 1277 1278 1279 1280 1281 1282 1283 1284 1285
 1286 1287 1288 1290 1291 1292 1293 1294 1295 1296 1297 1298 1301 1302 1303 1304 1305 1306 1307
 1308 1309 1312 1313 1315 1316 1317 1318 1319 1320 1321 1322 1323 1324 1325 1326 1327 1328 1329
 1330 1331 1332 1333 1334 1336 1337 1338 1339 1340 1342 1343 1344 1345 1346 1347 1348 1350 1351
 1352 1353 1354 1355 1358 1360 1361 1362 1363 1364 1365 1366 1368 1369 1370 1371 1374 1375 1376
 1377 1379 1380 1381 1382 1384 1385 1386 1387 1388 1389 1390 1391 1392 1393 1394 1395 1396 1397
 1398 1399 1401 1402 1403 1405 1406 1408 1409 1411 1412 1413 1414 1416 1417 1418 1419 1420 1421
 1422 1423 1425 1426 1427 1428 1429 1430 1431 1432 1433 1434 1435 1436 1437 1438 1441 1442 1443
 1444 1445 1446 1447 1448 1449 1450 1453 1454 1455 1457 1458 1459 1461 1463 1464 1465 1466 1467
 1469 1470 1471 1473 1475 1476 1477 1478 1479 1480 1481 1483 1484 1485 1487 1488 1489 1490 1491
 1492 1493 1495 1496 1497 1499 1502 1503 1504 1505 1506 1507 1508 1509 1510 1511 1512 1513 1514
 1515 1516 1517 1518 1520 1521 1522 1523 1524 1526 1527 1528 1529 1530 1531 1532 1533 1534 1535
 1536 1537 1538 1539 1541 1542 1543 1544 1545 1546 1547 1548 1549 1550 1551 1552 1553 1554 1555
 1558 1559 1560 1561 1563 1564 1565 1566 1568 1571 1573 1575 1576 1577 1578 1579 1580 1581 1582
 1583 1584 1586 1587 1588 1589 1590 1591 1592 1593 1595 1596 1597 1598 1599 1600 1601 1602 1604
 1606 1608 1609 1610 1611 1614 1615 1616 1617 1618 1619 1621 1622 1623 1624 1625 1626 1627 1628
 1629 1631 1632 1633 1634 1635 1636 1637 1640 1642 1643 1644 1645 1646 1647 1648 1649 1650 1651
 1653 1656 1657 1659 1661 1663 1665 1666 1667 1670 1671 1672 1673 1674 1675 1676 1678 1679 1680
 1681 1682 1683 1684 1686 1687 1688 1689 1690 1691 1692 1693 1695 1696 1697 1698 1699 1700 1701
 1702 1703 1704 1705 1706 1707 1709 1712 1714 1715 1718 1719 1720 1721 1723 1724 1726 1727 1729
 1730 1731 1732 1733 1734 1736 1737 1740 1742 1744 1745 1747 1748 1749 1750 1751 1753 1754 1755
 1756 1758 1759 1760 1761 1763 1764 1765 1766 1767 1768 1769 1770 1771 1772 1773 1774 1775 1776
 1777 1778 1779 1780 1781 1782 1783 1784 1785 1787 1788 1791 1792 1793 1794 1795 1796 1797 1799
 1800 1801 1802 1803 1805 1806 1807 1808 1809 1811 1812 1813 1815 1816 1818 1819 1820 1821 1822
 1823 1824 1825 1827 1830 1831 1832 1834 1836 1838 1841 1842 1844 1845 1846 1847 1849 1851 1852
 1853 1854 1855 1857 1860 1861 1863 1864 1868 1869 1870 1871 1872 1873 1874 1875 1876 1877 1879
 1880 1881 1882 1883 1884 1886 1887 1888 1889 1890 1892 1893 1895 1896 1897 1898 1900 1901 1902
 1903 1904 1905 1906 1907 1910 1911 1912 1913 1914 1915 1916 1917 1918 1920 1921 1922 1923 1924
 1925 1926 1928 1929 1930 1931 1933 1934 1936 1937 1938 1939 1940 1942 1944 1945 1946 1947 1949
 1950 1952 1953 1955 1957 1958 1959 1961 1962 1963 1964 1965 1966 1967 1968 1969 1971 1972 1973
 1974 1975 1976 1977 1979 1980 1981 1982 1985 1987 1989 1990 1991 1992 1995 1996 1997 1998 1999
 2000 2002 2003 2004 2006 2008 2009 2011 2012 2013 2014 2015 2017 2018 2019 2020 2021 2023 2024
 2027 2028 2030 2031 2033 2035 2036 2037 2038 2039 2040 2041 2043 2045 2047 2050 2051 2052 2053
 2054 2055 2056 2057 2059 2060 2061 2063 2064 2065 2066 2067 2068 2070 2071 2072 2073 2074 2075
 2076 2077 2078 2079 2081 2082 2084 2085 2086 2087 2088 2089 2090 2091 2092 2094 2095 2096 2098
 2099 2100 2101 2102 2103 2104 2105 2106 2108 2109 2110 2111 2112 2113 2114 2115 2116 2118 2119
 2120 2122 2123 2124 2125 2128 2129 2130 2131 2132 2134 2135 2136 2138 2139 2141 2142 2143 2144
 2145 2146 2147 2149 2152 2153 2154 2156 2157 2158 2159 2160 2161 2162 2163 2164 2165 2166 2167
 2168 2170 2171 2172 2173 2175 2176 2178 2179 2180 2182 2185 2186 2187 2188 2189 2190 2193 2194
 2195 2196 2197 2199 2200 2201 2202 2203 2205 2206 2207 2208 2209 2211 2212 2214 2215 2216 2217
 2218 2219 2220 2221 2222 2223 2224 2225 2227 2228 2230 2233 2234 2235 2236 2237 2240 2241 2242
 2244 2245 2246 2247 2248 2250 2252 2253 2254 2255 2257 2258 2259 2260 2261 2263 2264 2265 2266
 2267 2268 2269 2270 2271 2272 2276 2277 2279 2280 2281 2282 2283 2284 2285 2286 2287 2288 2289
 2290 2292 2293 2294 2296 2297 2299 2300 2301 2302 2304 2305 2307 2309 2310 2311 2312 2313 2314
 2316 2317 2318 2319 2320 2321 2323 2324 2325 2326 2328 2329 2331 2332 2333 2334 2335 2336 2337
 2338 2342 2344 2345 2346 2347 2348 2350 2352 2353 2354 2355 2356 2357 2358 2359 2360 2361 2362
 2363 2364 2365 2366 2367 2369 2370 2371 2372 2373 2374 2375 2376 2378 2380 2382 2383 2384 2385
 2386 2387 2388 2389 2390 2391 2392 2393 2394 2395 2396 2397 2398 2399 2401 2402 2403 2405 2406
 2407 2408 2409 2410 2411 2413 2414 2415 2416 2417 2418 2419 2420 2421 2422 2423 2424 2425 2426
 2427 2430 2431 2432 2433 2434 2436 2437 2438 2439 2440 2441 2442 2443 2444 2445 2447 2449 2450
 2451 2452 2453 2455 2456 2457 2458 2459 2460 2461 2462 2463 2464 2465 2466 2467 2468 2470 2471
 2472 2474 2478 2479 2480 2483 2485 2486 2489 2490 2492 2493 2494 2495 2496 2497 2498 2499 2500
 2501 2502 2503 2505 2506 2507 2508 2510 2511 2512 2513 2514 2515 2516 2517 2518 2519 2520 2521
 2522 2525 2526 2527 2528 2530 2531 2532 2534 2535 2536 2537 2539 2540 2541 2543 2544 2546 2547
 2548 2549 2551 2552 2553 2554 2555 2556 2557 2559 2561 2562 2564 2565 2566 2568 2570 2571 2573
 2574 2575 2576 2578 2579 2580 2581 2582 2584 2585 2586 2588 2589 2590 2591 2592 2593 2594 2595
 2596 2599 2601 2603 2604 2605 2606 2607 2608 2609 2610 2611 2612 2613 2614 2615 2616 2617 2618
 2619 2620 2621 2622 2623 2625 2626 2629 2630 2633 2634 2635 2638 2639 2641 2642 2644 2645 2646
 2648 2650 2651 2653 2654 2655 2656 2657 2658 2659 2661 2662 2663 2665 2666 2667 2668 2669 2670
 2671 2672 2673 2674 2675 2676 2678 2679 2680 2682 2684 2686 2688 2689 2690 2691 2692 2693 2694
 2695 2696 2697 2698 2699 2700 2701 2702 2703 2704 2705 2706 2708 2710 2711 2714 2715 2716 2717
 2718 2719 2720 2721 2722 2725 2727 2728 2729 2730 2731 2732 2733 2734 2735 2736 2737 2739 2740
 2741 2742 2743 2745 2746 2747 2749 2750 2752 2754 2755 2756 2757 2760 2761 2762 2763 2764 2765
 2766 2767 2768 2769 2770 2771 2772 2773 2774 2776 2777 2779 2780 2781 2782 2783 2784 2785 2786
 2787 2788 2790 2791 2792 2794 2795 2796 2797 2798 2800 2802 2803 2804 2805 2806 2807 2808 2809
 2812 2813 2814 2815 2816 2817 2818 2819 2820 2821 2823 2824 2825 2826 2827 2828 2829 2830 2831
 2832 2833 2834 2835 2836 2837 2838 2839 2840 2841 2842 2843 2844 2845 2847 2848 2849 2850 2853
 2854 2856 2857 2858 2859 2860 2861 2862 2863 2864 2865 2867 2868 2872 2873 2874 2875 2877 2878
 2879 2880 2881 2882 2884 2885 2886 2887 2888 2889 2890 2891 2892 2896 2897 2898 2899 2900 2901
 2902 2903 2904 2905 2906 2907 2908 2909 2910 2911 2913 2915 2916 2918 2919 2920 2921 2922 2923
 2925 2926 2928 2929 2930 2931 2932 2933 2934 2935 2936 2937 2938 2939 2940 2941 2942 2943 2944
 2945 2947 2948 2949 2950 2952 2953 2954 2955 2956 2957 2958 2960 2961 2962 2963 2964 2965 2966
 2967 2968 2969 2970 2972 2973 2974 2975 2976 2977 2978 2979 2980 2981 2982 2983 2984 2985 2986
 2987 2989 2991 2992 2994 2995 2998 2999 3000 3002 3003 3004 3007 3008 3009 3010 3012 3013 3014
 3015 3016 3017 3019 3021 3022 3023 3024 3025 3026 3027 3028 3029 3030 3031 3032 3033 3034 3035
 3037 3038 3039 3040 3041 3042 3044 3046 3047 3048 3049 3050 3051 3052 3053 3054 3055 3056 3058
 3059 3060 3061 3062 3063 3064 3066 3067 3068 3069 3070 3071 3072 3073 3074 3075 3079 3081 3083
 3084 3086 3087 3089 3090 3091 3092 3093 3096 3097 3099 3100 3101 3102 3103 3105 3107 3108 3109
 3110 3112 3114 3115 3118 3119 3120 3121 3122 3123 3124] TEST: [   5   11   14   18   29   33   39   44   45   47   49   52   69   76   82   84   85   90   91
   92   93  104  106  114  119  120  144  145  149  154  155  156  161  165  169  174  175  176
  182  183  184  197  211  212  218  223  230  233  234  235  236  238  239  245  247  248  254
  257  260  265  269  276  288  290  292  309  310  312  322  323  331  337  342  343  345  349
  366  371  373  390  391  393  401  402  405  406  413  424  434  437  443  460  461  469  475
  480  481  486  494  495  496  499  520  529  535  537  542  545  552  554  555  559  560  566
  567  575  605  607  608  613  614  622  624  625  627  628  634  636  645  646  647  654  678
  682  689  695  709  719  723  726  730  743  759  761  763  764  766  772  775  784  787  793
  794  796  805  808  811  814  818  821  822  826  827  831  834  839  844  850  853  873  896
  900  904  908  909  910  911  914  916  917  919  924  926  931  932  937  938  941  942  944
  950  952  958  966  968  969  973  988  989  990  994  996  998 1000 1001 1006 1012 1014 1019
 1026 1035 1043 1053 1055 1065 1071 1076 1080 1091 1092 1099 1100 1101 1103 1107 1110 1112 1129
 1130 1131 1142 1143 1148 1154 1155 1160 1161 1174 1175 1176 1185 1204 1207 1211 1214 1217 1219
 1220 1230 1237 1243 1245 1248 1253 1254 1255 1258 1265 1270 1272 1289 1299 1300 1310 1311 1314
 1335 1341 1349 1356 1357 1359 1367 1372 1373 1378 1383 1400 1404 1407 1410 1415 1424 1439 1440
 1451 1452 1456 1460 1462 1468 1472 1474 1482 1486 1494 1498 1500 1501 1519 1525 1540 1556 1557
 1562 1567 1569 1570 1572 1574 1585 1594 1603 1605 1607 1612 1613 1620 1630 1638 1639 1641 1652
 1654 1655 1658 1660 1662 1664 1668 1669 1677 1685 1694 1708 1710 1711 1713 1716 1717 1722 1725
 1728 1735 1738 1739 1741 1743 1746 1752 1757 1762 1786 1789 1790 1798 1804 1810 1814 1817 1826
 1828 1829 1833 1835 1837 1839 1840 1843 1848 1850 1856 1858 1859 1862 1865 1866 1867 1878 1885
 1891 1894 1899 1908 1909 1919 1927 1932 1935 1941 1943 1948 1951 1954 1956 1960 1970 1978 1983
 1984 1986 1988 1993 1994 2001 2005 2007 2010 2016 2022 2025 2026 2029 2032 2034 2042 2044 2046
 2048 2049 2058 2062 2069 2080 2083 2093 2097 2107 2117 2121 2126 2127 2133 2137 2140 2148 2150
 2151 2155 2169 2174 2177 2181 2183 2184 2191 2192 2198 2204 2210 2213 2226 2229 2231 2232 2238
 2239 2243 2249 2251 2256 2262 2273 2274 2275 2278 2291 2295 2298 2303 2306 2308 2315 2322 2327
 2330 2339 2340 2341 2343 2349 2351 2368 2377 2379 2381 2400 2404 2412 2428 2429 2435 2446 2448
 2454 2469 2473 2475 2476 2477 2481 2482 2484 2487 2488 2491 2504 2509 2523 2524 2529 2533 2538
 2542 2545 2550 2558 2560 2563 2567 2569 2572 2577 2583 2587 2597 2598 2600 2602 2624 2627 2628
 2631 2632 2636 2637 2640 2643 2647 2649 2652 2660 2664 2677 2681 2683 2685 2687 2707 2709 2712
 2713 2723 2724 2726 2738 2744 2748 2751 2753 2758 2759 2775 2778 2789 2793 2799 2801 2810 2811
 2822 2846 2851 2852 2855 2866 2869 2870 2871 2876 2883 2893 2894 2895 2912 2914 2917 2924 2927
 2946 2951 2959 2971 2988 2990 2993 2996 2997 3001 3005 3006 3011 3018 3020 3036 3043 3045 3057
 3065 3076 3077 3078 3080 3082 3085 3088 3094 3095 3098 3104 3106 3111 3113 3116 3117]
Epoch 1/200
 1/25 [>.............................] - ETA: 8:31 - loss: 1.2051e-04 2/25 [=>............................] - ETA: 8:15 - loss: 1.1444e-04 3/25 [==>...........................] - ETA: 7:42 - loss: 1.1395e-04 4/25 [===>..........................] - ETA: 7:06 - loss: 1.1392e-04 5/25 [=====>........................] - ETA: 6:43 - loss: 1.1310e-04 6/25 [======>.......................] - ETA: 6:18 - loss: 1.1158e-04 7/25 [=======>......................] - ETA: 5:59 - loss: 1.1035e-04 8/25 [========>.....................] - ETA: 5:40 - loss: 1.0984e-04 9/25 [=========>....................] - ETA: 5:15 - loss: 1.0921e-0410/25 [===========>..................] - ETA: 4:55 - loss: 1.0853e-0411/25 [============>.................] - ETA: 4:38 - loss: 1.0796e-0412/25 [=============>................] - ETA: 4:16 - loss: 1.0735e-0413/25 [==============>...............] - ETA: 3:59 - loss: 1.0699e-0414/25 [===============>..............] - ETA: 3:38 - loss: 1.0664e-0415/25 [=================>............] - ETA: 3:23 - loss: 1.0627e-0416/25 [==================>...........] - ETA: 3:05 - loss: 1.0591e-0417/25 [===================>..........] - ETA: 2:46 - loss: 1.0570e-0418/25 [====================>.........] - ETA: 2:27 - loss: 1.0562e-0419/25 [=====================>........] - ETA: 2:06 - loss: 1.0546e-0420/25 [=======================>......] - ETA: 1:45 - loss: 1.0530e-0421/25 [========================>.....] - ETA: 1:23 - loss: 1.0524e-0422/25 [=========================>....] - ETA: 1:04 - loss: 1.0516e-04